INSERT INTO T1 (0,'Welcome To New York (Taylor`s Version)','1989 (Taylor`s Version) [Deluxe]','27/10/2023',1,'spotify:track:4WUepByoeqcedHoYhSNHRt')
INSERT INTO T1 (1,'Blank Space (Taylor`s Version)','1989 (Taylor`s Version) [Deluxe]','27/10/2023',2,'spotify:track:0108kcWLnn2HlH2kedi1gn')
INSERT INTO T1 (2,'Style (Taylor`s Version)','1989 (Taylor`s Version) [Deluxe]','27/10/2023',3,'spotify:track:3Vpk1hfMAQme8VJ0SNRSkd')
INSERT INTO T1 (3,'Out Of The Woods (Taylor`s Version)','1989 (Taylor`s Version) [Deluxe]','27/10/2023',4,'spotify:track:1OcSfkeCg9hRC2sFKB4IMJ')
INSERT INTO T1 (4,'All You Had To Do Was Stay (Taylor`s Version)','1989 (Taylor`s Version) [Deluxe]','27/10/2023',5,'spotify:track:2k0ZEeAqzvYMcx9Qt5aClQ')
INSERT INTO T1 (5,'Shake It Off (Taylor`s Version)','1989 (Taylor`s Version) [Deluxe]','27/10/2023',6,'spotify:track:50yNTF0Od55qnHLxYsA5Pw')
INSERT INTO T1 (6,'I Wish You Would (Taylor`s Version)','1989 (Taylor`s Version) [Deluxe]','27/10/2023',7,'spotify:track:3FxJDucHWdw6caWTKO5b23')
INSERT INTO T1 (7,'Bad Blood (Taylor`s Version)','1989 (Taylor`s Version) [Deluxe]','27/10/2023',8,'spotify:track:7oZONwFiFIErZcXAtTu7FY')
INSERT INTO T1 (8,'Wildest Dreams (Taylor`s Version)','1989 (Taylor`s Version) [Deluxe]','27/10/2023',9,'spotify:track:27exgla7YBw9DUNNcTIpjy')
INSERT INTO T1 (9,'How You Get The Girl (Taylor`s Version)','1989 (Taylor`s Version) [Deluxe]','27/10/2023',10,'spotify:track:733OhaXQIHY7BKtY3vnSkn')
INSERT INTO T1 (10,'This Love (Taylor’s Version)','1989 (Taylor`s Version) [Deluxe]','27/10/2023',11,'spotify:track:4WBEj8TeGtRPNJdOmT3WJW')
INSERT INTO T1 (11,'I Know Places (Taylor`s Version)','1989 (Taylor`s Version) [Deluxe]','27/10/2023',12,'spotify:track:1ULabO0PEsdJekqVH6G10G')
INSERT INTO T1 (12,'Clean (Taylor`s Version)','1989 (Taylor`s Version) [Deluxe]','27/10/2023',13,'spotify:track:0lKUBmEyQfzsQHozyeXzES')
INSERT INTO T1 (13,'Wonderland (Taylor`s Version)','1989 (Taylor`s Version) [Deluxe]','27/10/2023',14,'spotify:track:6HRsJu8vcnzYDN4t0570FY')
INSERT INTO T1 (14,'You Are In Love (Taylor`s Version)','1989 (Taylor`s Version) [Deluxe]','27/10/2023',15,'spotify:track:0TyGh27YQ5LknmiDhCzJiT')
INSERT INTO T1 (15,'New Romantics (Taylor`s Version)','1989 (Taylor`s Version) [Deluxe]','27/10/2023',16,'spotify:track:5M787RexsAiVYjQusM98CV')
INSERT INTO T1 (16,'"""Slut!"" (Taylor`s Version) (From The Vault)"','1989 (Taylor`s Version) [Deluxe]','27/10/2023',17,'spotify:track:0CD7DzeCsuPJygddqlUVYa')
INSERT INTO T1 (17,'Say Don`t Go (Taylor`s Version) (From The Vault)','1989 (Taylor`s Version) [Deluxe]','27/10/2023',18,'spotify:track:3CCRVu4F91Qp2mnGjmWBrf')
INSERT INTO T1 (18,'Now That We Don`t Talk (Taylor`s Version) (From The Vault)','1989 (Taylor`s Version) [Deluxe]','27/10/2023',19,'spotify:track:5QUIK7ZtziW8kGWo8RqopF')
INSERT INTO T1 (19,'Suburban Legends (Taylor`s Version) (From The Vault)','1989 (Taylor`s Version) [Deluxe]','27/10/2023',20,'spotify:track:6M9ppdfFjR1AbpUl3Y8DcV')
INSERT INTO T1 (20,'Is It Over Now? (Taylor`s Version) (From The Vault)','1989 (Taylor`s Version) [Deluxe]','27/10/2023',21,'spotify:track:6IG3sQ8s9nfk6TUlVzRhbN')
INSERT INTO T1 (21,'Bad Blood (feat. Kendrick Lamar) (Taylor`s Version)','1989 (Taylor`s Version) [Deluxe]','27/10/2023',22,'spotify:track:6qAcApH8obo8eqatCKUHd9')
INSERT INTO T1 (22,'Welcome To New York (Taylor`s Version)','1989 (Taylor`s Version)','26/10/2023',1,'spotify:track:1hR8BSuEqPCCZfv93zzzz9')
INSERT INTO T1 (23,'Blank Space (Taylor`s Version)','1989 (Taylor`s Version)','26/10/2023',2,'spotify:track:45wMBGri1PORPjM9PwFfrS')
INSERT INTO T1 (24,'Style (Taylor`s Version)','1989 (Taylor`s Version)','26/10/2023',3,'spotify:track:1hjRhYpWyqDpPahmSlUTlc')
INSERT INTO T1 (25,'Out Of The Woods (Taylor`s Version)','1989 (Taylor`s Version)','26/10/2023',4,'spotify:track:045ZeOHPIzhxxsm8bq5kyE')
INSERT INTO T1 (26,'All You Had To Do Was Stay (Taylor`s Version)','1989 (Taylor`s Version)','26/10/2023',5,'spotify:track:6GXgd1BPD9bUpqw5AntGV5')
INSERT INTO T1 (27,'Shake It Off (Taylor`s Version)','1989 (Taylor`s Version)','26/10/2023',6,'spotify:track:3pv7Q5v2dpdefwdWIvE7yH')
INSERT INTO T1 (28,'I Wish You Would (Taylor`s Version)','1989 (Taylor`s Version)','26/10/2023',7,'spotify:track:43y1WpBdnEy5TR9aZoSQL9')
INSERT INTO T1 (29,'Bad Blood (Taylor`s Version)','1989 (Taylor`s Version)','26/10/2023',8,'spotify:track:64FzgoLZ3oXu2SriZblHic')
INSERT INTO T1 (30,'Wildest Dreams (Taylor`s Version)','1989 (Taylor`s Version)','26/10/2023',9,'spotify:track:1K39ty6o1sHwwlZwO6a7wK')
INSERT INTO T1 (31,'How You Get The Girl (Taylor`s Version)','1989 (Taylor`s Version)','26/10/2023',10,'spotify:track:75W3SngKzTuoQ94uLf3y82')
INSERT INTO T1 (32,'This Love (Taylor’s Version)','1989 (Taylor`s Version)','26/10/2023',11,'spotify:track:5QVVjX0ZItqlVpEuVCM9Yg')
INSERT INTO T1 (33,'I Know Places (Taylor`s Version)','1989 (Taylor`s Version)','26/10/2023',12,'spotify:track:2f0GI2ZLUtbGqFx8t2Gk6A')
INSERT INTO T1 (34,'Clean (Taylor`s Version)','1989 (Taylor`s Version)','26/10/2023',13,'spotify:track:2ByBBvpR9b7IynvRmnG7kG')
INSERT INTO T1 (35,'Wonderland (Taylor`s Version)','1989 (Taylor`s Version)','26/10/2023',14,'spotify:track:2ve0kuaWUCt4Zx8x4bf1MR')
INSERT INTO T1 (36,'You Are In Love (Taylor`s Version)','1989 (Taylor`s Version)','26/10/2023',15,'spotify:track:4UwqOWDpdeIDVQDuKT6iza')
INSERT INTO T1 (37,'New Romantics (Taylor`s Version)','1989 (Taylor`s Version)','26/10/2023',16,'spotify:track:2vPMoMDXxu9uX1igWZmXSG')
INSERT INTO T1 (38,'"""Slut!"" (Taylor`s Version) (From The Vault)"','1989 (Taylor`s Version)','26/10/2023',17,'spotify:track:71BqAINEnezjQfxE4VuJfq')
INSERT INTO T1 (39,'Say Don`t Go (Taylor`s Version) (From The Vault)','1989 (Taylor`s Version)','26/10/2023',18,'spotify:track:4NioO5R9sHEZh4cGzMHyNt')
INSERT INTO T1 (40,'Now That We Don`t Talk (Taylor`s Version) (From The Vault)','1989 (Taylor`s Version)','26/10/2023',19,'spotify:track:5KD6AEm19QnMbfWpfoOHMl')
INSERT INTO T1 (41,'Suburban Legends (Taylor`s Version) (From The Vault)','1989 (Taylor`s Version)','26/10/2023',20,'spotify:track:6T0sEnqjmHISIKwFETeeiP')
INSERT INTO T1 (42,'Is It Over Now? (Taylor`s Version) (From The Vault)','1989 (Taylor`s Version)','26/10/2023',21,'spotify:track:1Iq8oo9XkmmvCQiGOfORiz')
INSERT INTO T1 (43,'Mine (Taylor`s Version)','Speak Now (Taylor`s Version)','07/07/2023',1,'spotify:track:7G0gBu6nLdhFDPRLc0HdDG')
INSERT INTO T1 (44,'Sparks Fly (Taylor’s Version)','Speak Now (Taylor`s Version)','07/07/2023',2,'spotify:track:3MytWN8L7shNYzGl4tAKRp')
INSERT INTO T1 (45,'Back To December (Taylor`s Version)','Speak Now (Taylor`s Version)','07/07/2023',3,'spotify:track:79uDOz0zuuWS7HWxzMmTa2')
INSERT INTO T1 (46,'Speak Now (Taylor`s Version)','Speak Now (Taylor`s Version)','07/07/2023',4,'spotify:track:5xXqyjLicvEpch72qEryFT')
INSERT INTO T1 (47,'Dear John (Taylor`s Version)','Speak Now (Taylor`s Version)','07/07/2023',5,'spotify:track:1zU8j1x3yi9xalMF96pzKp')
INSERT INTO T1 (48,'Mean (Taylor`s Version)','Speak Now (Taylor`s Version)','07/07/2023',6,'spotify:track:30Y4CV7A6YqtQtTTo7Ue4j')
INSERT INTO T1 (49,'The Story Of Us (Taylor`s Version)','Speak Now (Taylor`s Version)','07/07/2023',7,'spotify:track:6dTA6y0C2ReQklntzZl8l3')
INSERT INTO T1 (50,'Never Grow Up (Taylor`s Version)','Speak Now (Taylor`s Version)','07/07/2023',8,'spotify:track:2EFZ9emtKWEglWUQGEQ3P9')
INSERT INTO T1 (51,'Enchanted (Taylor`s Version)','Speak Now (Taylor`s Version)','07/07/2023',9,'spotify:track:3sW3oSbzsfecv9XoUdGs7h')
INSERT INTO T1 (52,'Better Than Revenge (Taylor`s Version)','Speak Now (Taylor`s Version)','07/07/2023',10,'spotify:track:0NwGC0v03ysCYINtg6ns58')
INSERT INTO T1 (53,'Innocent (Taylor`s Version)','Speak Now (Taylor`s Version)','07/07/2023',11,'spotify:track:12nBPF4Rh4XLFJV0YLN7uj')
INSERT INTO T1 (54,'Haunted (Taylor`s Version)','Speak Now (Taylor`s Version)','07/07/2023',12,'spotify:track:4tMzIAFTFdqGBQLdfbPces')
INSERT INTO T1 (55,'Last Kiss (Taylor`s Version)','Speak Now (Taylor`s Version)','07/07/2023',13,'spotify:track:59KOoHFcw5XfICnO57holu')
INSERT INTO T1 (56,'Long Live (Taylor`s Version)','Speak Now (Taylor`s Version)','07/07/2023',14,'spotify:track:4hqJ4bSlYJOXb6Z4SRmzxs')
INSERT INTO T1 (57,'Ours (Taylor’s Version)','Speak Now (Taylor`s Version)','07/07/2023',15,'spotify:track:3yNJkriPzWjkkDAWHIAVUq')
INSERT INTO T1 (58,'Superman (Taylor’s Version)','Speak Now (Taylor`s Version)','07/07/2023',16,'spotify:track:4evLyY5Ue1Wesc61t2KXAU')
INSERT INTO T1 (59,'Electric Touch (feat. Fall Out Boy) (Taylor’s Version) (From The Vault)','Speak Now (Taylor`s Version)','07/07/2023',17,'spotify:track:4e3ZNTAV6PCrdYMUrUlMpQ')
INSERT INTO T1 (60,'When Emma Falls in Love (Taylor’s Version) (From The Vault)','Speak Now (Taylor`s Version)','07/07/2023',18,'spotify:track:0zo975x58DlXbZllWvfYhg')
INSERT INTO T1 (61,'I Can See You (Taylor’s Version) (From The Vault)','Speak Now (Taylor`s Version)','07/07/2023',19,'spotify:track:5kHMfzgLZP95O9NBy0ku4v')
INSERT INTO T1 (62,'Castles Crumbling (feat. Hayley Williams) (Taylor’s Version) (From The Vault)','Speak Now (Taylor`s Version)','07/07/2023',20,'spotify:track:4ABYxlb92WBIjHu7TIKmml')
INSERT INTO T1 (63,'Foolish One (Taylor’s Version) (From The Vault)','Speak Now (Taylor`s Version)','07/07/2023',21,'spotify:track:4s8BIKx4Zh6ryAEz8RTlaU')
INSERT INTO T1 (64,'Timeless (Taylor’s Version) (From The Vault)','Speak Now (Taylor`s Version)','07/07/2023',22,'spotify:track:1HCdems7PQZRj42QDWLA0A')
INSERT INTO T1 (65,'Lavender Haze','Midnights (The Til Dawn Edition)','26/05/2023',1,'spotify:track:24emu3sabKISjRkrys28jq')
INSERT INTO T1 (66,'Maroon','Midnights (The Til Dawn Edition)','26/05/2023',2,'spotify:track:6qxvy9Pe4RJIq5JBVbbwbS')
INSERT INTO T1 (67,'Anti-Hero','Midnights (The Til Dawn Edition)','26/05/2023',3,'spotify:track:5qIHFdkW6phMsTZlN2g8Lc')
INSERT INTO T1 (68,'Snow On The Beach (feat. Lana Del Rey)','Midnights (The Til Dawn Edition)','26/05/2023',4,'spotify:track:7GA86Uo2jYbj8vIXe2nyWd')
INSERT INTO T1 (69,'"You`re On Your Own',' Kid"','Midnights (The Til Dawn Edition)',26/05/2023,'6PQOU00xWNrGwCZzboriXy')
INSERT INTO T1 (70,'Midnight Rain','Midnights (The Til Dawn Edition)','26/05/2023',6,'spotify:track:4eKMqf9ZMSclDX7V9Ptg7x')
INSERT INTO T1 (71,'Question...?','Midnights (The Til Dawn Edition)','26/05/2023',7,'spotify:track:7oomkQSYf1ia2VnVEWfFIU')
INSERT INTO T1 (72,'Vigilante Shit','Midnights (The Til Dawn Edition)','26/05/2023',8,'spotify:track:0GKDhq6ZbmSbRHd3eyGlB7')
INSERT INTO T1 (73,'Bejeweled','Midnights (The Til Dawn Edition)','26/05/2023',9,'spotify:track:0VpF6RLdCfPIeYRwMu4tZK')
INSERT INTO T1 (74,'Labyrinth','Midnights (The Til Dawn Edition)','26/05/2023',10,'spotify:track:4bBDkw2KBMX0tcgAaXC83Q')
INSERT INTO T1 (75,'Karma','Midnights (The Til Dawn Edition)','26/05/2023',11,'spotify:track:45R112Jz5hQeKgITXgSXzs')
INSERT INTO T1 (76,'Sweet Nothing','Midnights (The Til Dawn Edition)','26/05/2023',12,'spotify:track:2L09RYwH5Pjzca6PmbUAw3')
INSERT INTO T1 (77,'Mastermind','Midnights (The Til Dawn Edition)','26/05/2023',13,'spotify:track:1QQii3pa5m8MEda0nbkjfw')
INSERT INTO T1 (78,'The Great War','Midnights (The Til Dawn Edition)','26/05/2023',14,'spotify:track:2VuqMjgoKaOHNM8HpxtXKx')
INSERT INTO T1 (79,'Bigger Than The Whole Sky','Midnights (The Til Dawn Edition)','26/05/2023',15,'spotify:track:71CBDRKmF2VeRKYMG1DFBh')
INSERT INTO T1 (80,'Paris','Midnights (The Til Dawn Edition)','26/05/2023',16,'spotify:track:5tWxKWq1DSP1s9WQ5PWuqu')
INSERT INTO T1 (81,'High Infidelity','Midnights (The Til Dawn Edition)','26/05/2023',17,'spotify:track:1SztNGCwEHJEVFx90E5g7D')
INSERT INTO T1 (82,'Glitch','Midnights (The Til Dawn Edition)','26/05/2023',18,'spotify:track:7C0w28EsX0Um2FrZs9gso2')
INSERT INTO T1 (83,'"Would`ve',' Could`ve',' Should`ve"',Midnights (The Til Dawn Edition),'19')
INSERT INTO T1 (84,'Dear Reader','Midnights (The Til Dawn Edition)','26/05/2023',20,'spotify:track:10GRRCR5fctuOF4GFmATJI')
INSERT INTO T1 (85,'Hits Different','Midnights (The Til Dawn Edition)','26/05/2023',21,'spotify:track:3xYJScVfxByb61dYHTwiby')
INSERT INTO T1 (86,'Snow On The Beach (feat. More Lana Del Rey)','Midnights (The Til Dawn Edition)','26/05/2023',22,'spotify:track:4zmKGsrXjLmljb5fTaBTot')
INSERT INTO T1 (87,'Karma (feat. Ice Spice)','Midnights (The Til Dawn Edition)','26/05/2023',23,'spotify:track:4i6cwNY6oIUU2XZxPIw82Y')
INSERT INTO T1 (88,'Lavender Haze','Midnights (3am Edition)','22/10/2022',1,'spotify:track:4g2c7NoTWAOSYDy44l9nub')
INSERT INTO T1 (89,'Maroon','Midnights (3am Edition)','22/10/2022',2,'spotify:track:199E1RRrVmVTQqBXih5qRC')
INSERT INTO T1 (90,'Anti-Hero','Midnights (3am Edition)','22/10/2022',3,'spotify:track:02Zkkf2zMkwRGQjZ7T4p8f')
INSERT INTO T1 (91,'Snow On The Beach (feat. Lana Del Rey)','Midnights (3am Edition)','22/10/2022',4,'spotify:track:6ADDIJxxqzM9LMpm78yzQG')
INSERT INTO T1 (92,'"You`re On Your Own',' Kid"','Midnights (3am Edition)',22/10/2022,'7gVWKBcfIW93YxNBi3ApIE')
INSERT INTO T1 (93,'Midnight Rain','Midnights (3am Edition)','22/10/2022',6,'spotify:track:6Nl7KyvjkFncGsjB49SxLl')
INSERT INTO T1 (94,'Question...?','Midnights (3am Edition)','22/10/2022',7,'spotify:track:6C7OF1Jal7YkyjzyUG8vkK')
INSERT INTO T1 (95,'Vigilante Shit','Midnights (3am Edition)','22/10/2022',8,'spotify:track:5yeuXkukVGuix3vmLu2BPJ')
INSERT INTO T1 (96,'Bejeweled','Midnights (3am Edition)','22/10/2022',9,'spotify:track:0jvo9CjnbR0lYUDTSNTMiu')
INSERT INTO T1 (97,'Labyrinth','Midnights (3am Edition)','22/10/2022',10,'spotify:track:43q586vP8gGkYypKoSddhl')
INSERT INTO T1 (98,'Karma','Midnights (3am Edition)','22/10/2022',11,'spotify:track:5oqDgw5VGBln5dSIOPWyBq')
INSERT INTO T1 (99,'Sweet Nothing','Midnights (3am Edition)','22/10/2022',12,'spotify:track:3zmwONxswBAzGwExPugSLN')
INSERT INTO T1 (100,'Mastermind','Midnights (3am Edition)','22/10/2022',13,'spotify:track:56hioFjQ0DXrdn04hZcFgG')
INSERT INTO T1 (101,'The Great War','Midnights (3am Edition)','22/10/2022',14,'spotify:track:3UMrglJeju5yWyYIW6o99b')
INSERT INTO T1 (102,'Bigger Than The Whole Sky','Midnights (3am Edition)','22/10/2022',15,'spotify:track:0BiqmkasE5FdrChwKfVp8X')
INSERT INTO T1 (103,'Paris','Midnights (3am Edition)','22/10/2022',16,'spotify:track:7712gjoih4QoDbXpljEk21')
INSERT INTO T1 (104,'High Infidelity','Midnights (3am Edition)','22/10/2022',17,'spotify:track:5kiZGSxgqPdv6rbqL9THdd')
INSERT INTO T1 (105,'Glitch','Midnights (3am Edition)','22/10/2022',18,'spotify:track:6wAFvJPpTZVirBKGZ4EnMW')
INSERT INTO T1 (106,'"Would`ve',' Could`ve',' Should`ve"',Midnights (3am Edition),'19')
INSERT INTO T1 (107,'Dear Reader','Midnights (3am Edition)','22/10/2022',20,'spotify:track:3QF5RsWzK1lCvf2o2cY65P')
INSERT INTO T1 (108,'Lavender Haze','Midnights','21/10/2022',1,'spotify:track:5jQI2r1RdgtuT8S3iG8zFC')
INSERT INTO T1 (109,'Maroon','Midnights','21/10/2022',2,'spotify:track:3eX0NZfLtGzoLUxPNvRfqm')
INSERT INTO T1 (110,'Anti-Hero','Midnights','21/10/2022',3,'spotify:track:0V3wPSX9ygBnCm8psDIegu')
INSERT INTO T1 (111,'Snow On The Beach (feat. Lana Del Rey)','Midnights','21/10/2022',4,'spotify:track:1wtOxkiel43cVs0Yux5Q4h')
INSERT INTO T1 (112,'"You`re On Your Own',' Kid"','Midnights',21/10/2022,'4D7BCuvgdJlYvlX5WlN54t')
INSERT INTO T1 (113,'Midnight Rain','Midnights','21/10/2022',6,'spotify:track:3rWDp9tBPQR9z6U5YyRSK4')
INSERT INTO T1 (114,'Question...?','Midnights','21/10/2022',7,'spotify:track:0heeNYlwOGuUSe7TgUD27B')
INSERT INTO T1 (115,'Vigilante Shit','Midnights','21/10/2022',8,'spotify:track:1xwAWUI6Dj0WGC3KiUPN0O')
INSERT INTO T1 (116,'Bejeweled','Midnights','21/10/2022',9,'spotify:track:3qoftcUZaUOncvIYjFSPdE')
INSERT INTO T1 (117,'Labyrinth','Midnights','21/10/2022',10,'spotify:track:0A1JLUlkZkp2EFrosoNQi0')
INSERT INTO T1 (118,'Karma','Midnights','21/10/2022',11,'spotify:track:7KokYm8cMIXCsGVmUvKtqf')
INSERT INTO T1 (119,'Sweet Nothing','Midnights','21/10/2022',12,'spotify:track:0wavGRldH0AWyu2zvTz8zb')
INSERT INTO T1 (120,'Mastermind','Midnights','21/10/2022',13,'spotify:track:7FmYn9e7KHMXcxqGSj9LjH')
INSERT INTO T1 (121,'State Of Grace (Taylor`s Version)','Red (Taylor`s Version)','12/11/2021',1,'spotify:track:6lzc0Al0zfZOIFsFvBS1ki')
INSERT INTO T1 (122,'Red (Taylor`s Version)','Red (Taylor`s Version)','12/11/2021',2,'spotify:track:4OAuvHryIVv4kMDNSLuPt6')
INSERT INTO T1 (123,'Treacherous (Taylor`s Version)','Red (Taylor`s Version)','12/11/2021',3,'spotify:track:3S7HNKPakdwNEBFIVTL6dZ')
INSERT INTO T1 (124,'I Knew You Were Trouble (Taylor`s Version)','Red (Taylor`s Version)','12/11/2021',4,'spotify:track:6AtZLIzUINvExIUy4QhdjP')
INSERT INTO T1 (125,'All Too Well (Taylor`s Version)','Red (Taylor`s Version)','12/11/2021',5,'spotify:track:3nsfB1vus2qaloUdcBZvDu')
INSERT INTO T1 (126,'22 (Taylor`s Version)','Red (Taylor`s Version)','12/11/2021',6,'spotify:track:3yII7UwgLF6K5zW3xad3MP')
INSERT INTO T1 (127,'I Almost Do (Taylor`s Version)','Red (Taylor`s Version)','12/11/2021',7,'spotify:track:2r9CbjYgFhtAmcFv1cSquB')
INSERT INTO T1 (128,'We Are Never Ever Getting Back Together (Taylor`s Version)','Red (Taylor`s Version)','12/11/2021',8,'spotify:track:5YqltLsjdqFtvqE7Nrysvs')
INSERT INTO T1 (129,'Stay Stay Stay (Taylor`s Version)','Red (Taylor`s Version)','12/11/2021',9,'spotify:track:7eQj6r5PIdYKEIZjucBMcq')
INSERT INTO T1 (130,'The Last Time (feat. Gary Lightbody of Snow Patrol) (Taylor’s Version)','Red (Taylor`s Version)','12/11/2021',10,'spotify:track:0y6kdSRCVQhSsHSpWvTUm7')
INSERT INTO T1 (131,'Holy Ground (Taylor`s Version)','Red (Taylor`s Version)','12/11/2021',11,'spotify:track:7J4b3LVCIGO4CMBDFLPoP6')
INSERT INTO T1 (132,'Sad Beautiful Tragic (Taylor`s Version)','Red (Taylor`s Version)','12/11/2021',12,'spotify:track:73qMN9bXy7MSPwwGfH3wQr')
INSERT INTO T1 (133,'The Lucky One (Taylor`s Version)','Red (Taylor`s Version)','12/11/2021',13,'spotify:track:4e5ayHsOLJNLTGfjau2mEw')
INSERT INTO T1 (134,'Everything Has Changed (feat. Ed Sheeran) (Taylor’s Version)','Red (Taylor`s Version)','12/11/2021',14,'spotify:track:7qEUFOVcxRI19tbT68JcYK')
INSERT INTO T1 (135,'Starlight (Taylor`s Version)','Red (Taylor`s Version)','12/11/2021',15,'spotify:track:7A2cNLRT0YJc1yjxHlKihs')
INSERT INTO T1 (136,'Begin Again (Taylor`s Version)','Red (Taylor`s Version)','12/11/2021',16,'spotify:track:05GsNucq8Bngd9fnd4fRa0')
INSERT INTO T1 (137,'The Moment I Knew (Taylor`s Version)','Red (Taylor`s Version)','12/11/2021',17,'spotify:track:0NRHj8hDwwmSPaA41o379r')
INSERT INTO T1 (138,'Come Back...Be Here (Taylor`s Version)','Red (Taylor`s Version)','12/11/2021',18,'spotify:track:4pNApnaUWAL2J4KO2eqokq')
INSERT INTO T1 (139,'Girl At Home (Taylor`s Version)','Red (Taylor`s Version)','12/11/2021',19,'spotify:track:0DMVrlMUn01M0IcpDbwgu7')
INSERT INTO T1 (140,'State Of Grace (Acoustic Version) (Taylor`s Version)','Red (Taylor`s Version)','12/11/2021',20,'spotify:track:5jAIouBES8LWMiriuNq170')
INSERT INTO T1 (141,'Ronan (Taylor`s Version)','Red (Taylor`s Version)','12/11/2021',21,'spotify:track:7nWui6jiMM2m9qFmET1Mtj')
INSERT INTO T1 (142,'Better Man (Taylor`s Version) (From The Vault)','Red (Taylor`s Version)','12/11/2021',22,'spotify:track:4OmFmE0fzcMG6g0Y8p4eSD')
INSERT INTO T1 (143,'Nothing New (feat. Phoebe Bridgers) (Taylor’s Version) (From The Vault)','Red (Taylor`s Version)','12/11/2021',23,'spotify:track:01K4zKU104LyJ8gMb7227B')
INSERT INTO T1 (144,'Babe (Taylor`s Version) (From The Vault)','Red (Taylor`s Version)','12/11/2021',24,'spotify:track:0v4z1tuZvn6LGknom9Qx7d')
INSERT INTO T1 (145,'Message In A Bottle (Taylor`s Version) (From The Vault)','Red (Taylor`s Version)','12/11/2021',25,'spotify:track:3z6XUommYDWPHeFhmhhT6j')
INSERT INTO T1 (146,'I Bet You Think About Me (feat. Chris Stapleton) (Taylor’s Version) (From The Vault)','Red (Taylor`s Version)','12/11/2021',26,'spotify:track:4CkgMiMqZ5JzW9iYXSTMTL')
INSERT INTO T1 (147,'Forever Winter (Taylor`s Version) (From The Vault)','Red (Taylor`s Version)','12/11/2021',27,'spotify:track:3oGVx9RBmiYGv5ZCecWLkx')
INSERT INTO T1 (148,'Run (feat. Ed Sheeran) (Taylor’s Version) (From The Vault)','Red (Taylor`s Version)','12/11/2021',28,'spotify:track:4IQkfUsrwXol38VV3U7t7T')
INSERT INTO T1 (149,'The Very First Night (Taylor`s Version) (From The Vault)','Red (Taylor`s Version)','12/11/2021',29,'spotify:track:6pYNq0ZwpPVazKzsqpf0G8')
INSERT INTO T1 (150,'All Too Well (10 Minute Version) (Taylor`s Version) (From The Vault)','Red (Taylor`s Version)','12/11/2021',30,'spotify:track:5enxwA8aAbwZbf5qCHORXi')
INSERT INTO T1 (151,'Fearless (Taylor’s Version)','Fearless (Taylor`s Version)','09/04/2021',1,'spotify:track:77sMIMlNaSURUAXq5coCxE')
INSERT INTO T1 (152,'Fifteen (Taylor’s Version)','Fearless (Taylor`s Version)','09/04/2021',2,'spotify:track:2nqio0SfWg6gh2eCtfuMa5')
INSERT INTO T1 (153,'Love Story (Taylor’s Version)','Fearless (Taylor`s Version)','09/04/2021',3,'spotify:track:6YvqWjhGD8mB5QXcbcUKtx')
INSERT INTO T1 (154,'Hey Stephen (Taylor’s Version)','Fearless (Taylor`s Version)','09/04/2021',4,'spotify:track:550erGcdD9n6PnwxrvYqZT')
INSERT INTO T1 (155,'White Horse (Taylor’s Version)','Fearless (Taylor`s Version)','09/04/2021',5,'spotify:track:5YL553x8sHderRBDlm3NM3')
INSERT INTO T1 (156,'You Belong With Me (Taylor’s Version)','Fearless (Taylor`s Version)','09/04/2021',6,'spotify:track:1qrpoAMXodY6895hGKoUpA')
INSERT INTO T1 (157,'Breathe (feat. Colbie Caillat) (Taylor’s Version)','Fearless (Taylor`s Version)','09/04/2021',7,'spotify:track:7HC7R2D8WjXVcUHJyEGjRs')
INSERT INTO T1 (158,'Tell Me Why (Taylor’s Version)','Fearless (Taylor`s Version)','09/04/2021',8,'spotify:track:0k0vFacOHNuArLWMiH60p7')
INSERT INTO T1 (159,'You’re Not Sorry (Taylor’s Version)','Fearless (Taylor`s Version)','09/04/2021',9,'spotify:track:6iiAfo4wTA2CVC3Uwx9uh8')
INSERT INTO T1 (160,'The Way I Loved You (Taylor’s Version)','Fearless (Taylor`s Version)','09/04/2021',10,'spotify:track:22bPsP2jCgbLUvh82U0Z3M')
INSERT INTO T1 (161,'Forever & Always (Taylor’s Version)','Fearless (Taylor`s Version)','09/04/2021',11,'spotify:track:1msEuwSBneBKpVCZQcFTsU')
INSERT INTO T1 (162,'The Best Day (Taylor’s Version)','Fearless (Taylor`s Version)','09/04/2021',12,'spotify:track:6ON9UuIq49xXY9GPmHIYRp')
INSERT INTO T1 (163,'Change (Taylor’s Version)','Fearless (Taylor`s Version)','09/04/2021',13,'spotify:track:3ExweHKZF9B752DPQByRVT')
INSERT INTO T1 (164,'Jump Then Fall (Taylor’s Version)','Fearless (Taylor`s Version)','09/04/2021',14,'spotify:track:2m3ObD945KvpE5y9A1eUWm')
INSERT INTO T1 (165,'Untouchable (Taylor’s Version)','Fearless (Taylor`s Version)','09/04/2021',15,'spotify:track:0tQ9vBYpldCuikPsbgOVKA')
INSERT INTO T1 (166,'Forever & Always (Piano Version) (Taylor’s Version)','Fearless (Taylor`s Version)','09/04/2021',16,'spotify:track:01QdEx6kFr78ZejhQtWR5m')
INSERT INTO T1 (167,'Come In With The Rain (Taylor’s Version)','Fearless (Taylor`s Version)','09/04/2021',17,'spotify:track:1n2wszmJyVkw6FHqyLnQsY')
INSERT INTO T1 (168,'Superstar (Taylor’s Version)','Fearless (Taylor`s Version)','09/04/2021',18,'spotify:track:51A8eKvvZz9uydvIZ7xRSV')
INSERT INTO T1 (169,'The Other Side Of The Door (Taylor’s Version)','Fearless (Taylor`s Version)','09/04/2021',19,'spotify:track:1cSFlSBdpT4F5vb1frQ231')
INSERT INTO T1 (170,'Today Was A Fairytale (Taylor’s Version)','Fearless (Taylor`s Version)','09/04/2021',20,'spotify:track:2JoJrsEV15OzbijS47lids')
INSERT INTO T1 (171,'You All Over Me (feat. Maren Morris) (Taylor’s Version) (From The Vault)','Fearless (Taylor`s Version)','09/04/2021',21,'spotify:track:4CHpVfAhuxNJ3ibExe6kxO')
INSERT INTO T1 (172,'Mr. Perfectly Fine (Taylor’s Version) (From The Vault)','Fearless (Taylor`s Version)','09/04/2021',22,'spotify:track:2CYVETnhM9aytqrazYYwrK')
INSERT INTO T1 (173,'We Were Happy (Taylor’s Version) (From The Vault)','Fearless (Taylor`s Version)','09/04/2021',23,'spotify:track:34V9RiEPe8MNdU32qJsJa1')
INSERT INTO T1 (174,'That’s When (feat. Keith Urban) (Taylor’s Version) (From The Vault)','Fearless (Taylor`s Version)','09/04/2021',24,'spotify:track:7eResoqEJJAVTkQYSqvO3P')
INSERT INTO T1 (175,'Don’t You (Taylor’s Version) (From The Vault)','Fearless (Taylor`s Version)','09/04/2021',25,'spotify:track:4uuEGH5SVuzkkSFjo2DEiY')
INSERT INTO T1 (176,'Bye Bye Baby (Taylor’s Version) (From The Vault)','Fearless (Taylor`s Version)','09/04/2021',26,'spotify:track:4qUijfYU8EoIWiY6oSyrgT')
INSERT INTO T1 (177,'willow','evermore (deluxe version)','07/01/2021',1,'spotify:track:2gVhfX2Gy1T9kDuS9azrF7')
INSERT INTO T1 (178,'champagne problems','evermore (deluxe version)','07/01/2021',2,'spotify:track:1gcyHQpBQ1lfXGdhZmWrHP')
INSERT INTO T1 (179,'gold rush','evermore (deluxe version)','07/01/2021',3,'spotify:track:3Dby3p1m6IOZn2gIIqECgK')
INSERT INTO T1 (180,'‘tis the damn season','evermore (deluxe version)','07/01/2021',4,'spotify:track:6sQckd3Z8NPxVVKUnavY1F')
INSERT INTO T1 (181,'tolerate it','evermore (deluxe version)','07/01/2021',5,'spotify:track:6lCvK2AR2uOKkVFCVlAzzm')
INSERT INTO T1 (182,'"no body',' no crime (feat. HAIM)"','evermore (deluxe version)',07/01/2021,'6uwfVkaOM1mcMkFmSn35ix')
INSERT INTO T1 (183,'happiness','evermore (deluxe version)','07/01/2021',7,'spotify:track:55Vf4bimc1Rtfg0PAQRAo2')
INSERT INTO T1 (184,'dorothea','evermore (deluxe version)','07/01/2021',8,'spotify:track:66tOfHVH3aUrscg8vExRV4')
INSERT INTO T1 (185,'coney island (feat. The National)','evermore (deluxe version)','07/01/2021',9,'spotify:track:2awNGIJHodfLZSClB3PYhz')
INSERT INTO T1 (186,'ivy','evermore (deluxe version)','07/01/2021',10,'spotify:track:43Ykum9T72UOPhBN31grpN')
INSERT INTO T1 (187,'cowboy like me','evermore (deluxe version)','07/01/2021',11,'spotify:track:52OkpDsU6MmPx1AwGOb6Ap')
INSERT INTO T1 (188,'long story short','evermore (deluxe version)','07/01/2021',12,'spotify:track:5VYWxXUpxuxEmCqMLDqICo')
INSERT INTO T1 (189,'marjorie','evermore (deluxe version)','07/01/2021',13,'spotify:track:5uICWmZTLkpEVbK22PBP6e')
INSERT INTO T1 (190,'closure','evermore (deluxe version)','07/01/2021',14,'spotify:track:6a8aUhYbaQBUI8PcJ5ZmQ6')
INSERT INTO T1 (191,'evermore (feat. Bon Iver)','evermore (deluxe version)','07/01/2021',15,'spotify:track:6Wlq9rqkxrqj5Kls4Kw14H')
INSERT INTO T1 (192,'right where you left me - bonus track','evermore (deluxe version)','07/01/2021',16,'spotify:track:3zwMVvkBe2qIKDObWgXw4N')
INSERT INTO T1 (193,'it’s time to go - bonus track','evermore (deluxe version)','07/01/2021',17,'spotify:track:1kdWw77ZpYOkhxeuhzU1j6')
INSERT INTO T1 (194,'willow','evermore','11/12/2020',1,'spotify:track:0lx2cLdOt3piJbcaXIV74f')
INSERT INTO T1 (195,'champagne problems','evermore','11/12/2020',2,'spotify:track:0sY6ZUTh4yoctD8VIXz339')
INSERT INTO T1 (196,'gold rush','evermore','11/12/2020',3,'spotify:track:5BK0uqwY9DNfZ630STAEaq')
INSERT INTO T1 (197,'‘tis the damn season','evermore','11/12/2020',4,'spotify:track:7dW84mWkdWE5a6lFWxJCBG')
INSERT INTO T1 (198,'tolerate it','evermore','11/12/2020',5,'spotify:track:0PurA4JVJ8YQgSVopY8fn6')
INSERT INTO T1 (199,'"no body',' no crime (feat. HAIM)"','evermore',11/12/2020,'3RaT22zZsxVYxxKR7TAaYF')
INSERT INTO T1 (200,'happiness','evermore','11/12/2020',7,'spotify:track:73YUReisjb3A9ActdLLjJQ')
INSERT INTO T1 (201,'dorothea','evermore','11/12/2020',8,'spotify:track:670fUmXf4KQekzbEgaXyPA')
INSERT INTO T1 (202,'coney island (feat. The National)','evermore','11/12/2020',9,'spotify:track:3k7ne7VmH43ZPWxPdvPUgR')
INSERT INTO T1 (203,'ivy','evermore','11/12/2020',10,'spotify:track:19CSr8rwW05VJL2F91KFNK')
INSERT INTO T1 (204,'cowboy like me','evermore','11/12/2020',11,'spotify:track:1XjHRolIXL2M1EEOUsGGR4')
INSERT INTO T1 (205,'long story short','evermore','11/12/2020',12,'spotify:track:2o2sgVJIgFXk8GQjWTgI6U')
INSERT INTO T1 (206,'marjorie','evermore','11/12/2020',13,'spotify:track:12ntTeqEeTg7GAVpe8Mhpl')
INSERT INTO T1 (207,'closure','evermore','11/12/2020',14,'spotify:track:35rdVq36LMHQX0Suw9a6tK')
INSERT INTO T1 (208,'evermore (feat. Bon Iver)','evermore','11/12/2020',15,'spotify:track:3O5osWf1rSoKMwe6E9ZaXP')
INSERT INTO T1 (209,'the 1','folklore: the long pond studio sessions (from the Disney+ special) [deluxe edition]','25/11/2020',1,'spotify:track:0P9wLFurlgumLXuqFEpw52')
INSERT INTO T1 (210,'cardigan','folklore: the long pond studio sessions (from the Disney+ special) [deluxe edition]','25/11/2020',2,'spotify:track:7zcnlq38eqNWyUF6eNaB5Z')
INSERT INTO T1 (211,'the last great american dynasty','folklore: the long pond studio sessions (from the Disney+ special) [deluxe edition]','25/11/2020',3,'spotify:track:4ojxSyrEraN7d46BMBPThZ')
INSERT INTO T1 (212,'exile (feat. Bon Iver)','folklore: the long pond studio sessions (from the Disney+ special) [deluxe edition]','25/11/2020',4,'spotify:track:6kz2hkq1xQvDqPcUyBkw8f')
INSERT INTO T1 (213,'my tears ricochet','folklore: the long pond studio sessions (from the Disney+ special) [deluxe edition]','25/11/2020',5,'spotify:track:0Oju1YcbPCJuUQQWoZNdJK')
INSERT INTO T1 (214,'mirrorball','folklore: the long pond studio sessions (from the Disney+ special) [deluxe edition]','25/11/2020',6,'spotify:track:5jQyGzcwqAxwT5QUIMivoX')
INSERT INTO T1 (215,'seven','folklore: the long pond studio sessions (from the Disney+ special) [deluxe edition]','25/11/2020',7,'spotify:track:2vJ7QvyCiR4DaHxwO58izA')
INSERT INTO T1 (216,'august','folklore: the long pond studio sessions (from the Disney+ special) [deluxe edition]','25/11/2020',8,'spotify:track:1UHoF9p75IVsvUt6WdTYhn')
INSERT INTO T1 (217,'this is me trying','folklore: the long pond studio sessions (from the Disney+ special) [deluxe edition]','25/11/2020',9,'spotify:track:5DnDBYrfGoxdnomqEAkFIv')
INSERT INTO T1 (218,'illicit affairs','folklore: the long pond studio sessions (from the Disney+ special) [deluxe edition]','25/11/2020',10,'spotify:track:7CVTowKpGPA2MsIbkTl2oc')
INSERT INTO T1 (219,'invisible string','folklore: the long pond studio sessions (from the Disney+ special) [deluxe edition]','25/11/2020',11,'spotify:track:4WHIqhrbdva5vQSrCuet3l')
INSERT INTO T1 (220,'mad woman','folklore: the long pond studio sessions (from the Disney+ special) [deluxe edition]','25/11/2020',12,'spotify:track:7klXN6RCN5Rj0VeYO5gBzU')
INSERT INTO T1 (221,'epiphany','folklore: the long pond studio sessions (from the Disney+ special) [deluxe edition]','25/11/2020',13,'spotify:track:5MFjHn1qfR9AsWuyzJLk1z')
INSERT INTO T1 (222,'betty','folklore: the long pond studio sessions (from the Disney+ special) [deluxe edition]','25/11/2020',14,'spotify:track:2jhfs6moEAK13eLM6xim4l')
INSERT INTO T1 (223,'peace','folklore: the long pond studio sessions (from the Disney+ special) [deluxe edition]','25/11/2020',15,'spotify:track:0O9i6jhscByEJs1ipy5hu4')
INSERT INTO T1 (224,'hoax','folklore: the long pond studio sessions (from the Disney+ special) [deluxe edition]','25/11/2020',16,'spotify:track:4XCYmu7QLySdIahgBALKJK')
INSERT INTO T1 (225,'the lakes - bonus track','folklore: the long pond studio sessions (from the Disney+ special) [deluxe edition]','25/11/2020',17,'spotify:track:0zEprKYeuGOIZoHyu6O1E2')
INSERT INTO T1 (226,'the 1 - the long pond studio sessions','folklore: the long pond studio sessions (from the Disney+ special) [deluxe edition]','25/11/2020',1,'spotify:track:08J4bMHbILkwSIhbtrcvjN')
INSERT INTO T1 (227,'cardigan - the long pond studio sessions','folklore: the long pond studio sessions (from the Disney+ special) [deluxe edition]','25/11/2020',2,'spotify:track:3EPgWM1zfTSzEc0z4AwWTM')
INSERT INTO T1 (228,'the last great american dynasty - the long pond studio sessions','folklore: the long pond studio sessions (from the Disney+ special) [deluxe edition]','25/11/2020',3,'spotify:track:28tIMaewZuGR8urkvFhQyA')
INSERT INTO T1 (229,'exile (feat. Bon Iver) - the long pond studio sessions','folklore: the long pond studio sessions (from the Disney+ special) [deluxe edition]','25/11/2020',4,'spotify:track:7N015NTIWGjQDddHUdHPoO')
INSERT INTO T1 (230,'my tears ricochet - the long pond studio sessions','folklore: the long pond studio sessions (from the Disney+ special) [deluxe edition]','25/11/2020',5,'spotify:track:5mdNyCS7ttVcAyVYOIFEjs')
INSERT INTO T1 (231,'mirrorball - the long pond studio sessions','folklore: the long pond studio sessions (from the Disney+ special) [deluxe edition]','25/11/2020',6,'spotify:track:2yceD2hx5HhOLgkm1CITCi')
INSERT INTO T1 (232,'seven - the long pond studio sessions','folklore: the long pond studio sessions (from the Disney+ special) [deluxe edition]','25/11/2020',7,'spotify:track:4cOWq0cVsKjxaQpRMbDoH1')
INSERT INTO T1 (233,'august - the long pond studio sessions','folklore: the long pond studio sessions (from the Disney+ special) [deluxe edition]','25/11/2020',8,'spotify:track:4MGexoZc12lqE0hYkq9YYx')
INSERT INTO T1 (234,'this is me trying - the long pond studio sessions','folklore: the long pond studio sessions (from the Disney+ special) [deluxe edition]','25/11/2020',9,'spotify:track:1gaLZjPrDnHQWJds2Jg4KT')
INSERT INTO T1 (235,'illicit affairs - the long pond studio sessions','folklore: the long pond studio sessions (from the Disney+ special) [deluxe edition]','25/11/2020',10,'spotify:track:560uQyz3p5G9WdnMX39xc6')
INSERT INTO T1 (236,'invisible string - the long pond studio sessions','folklore: the long pond studio sessions (from the Disney+ special) [deluxe edition]','25/11/2020',11,'spotify:track:5KByGq0JijSSDcy0qzuINs')
INSERT INTO T1 (237,'mad woman - the long pond studio sessions','folklore: the long pond studio sessions (from the Disney+ special) [deluxe edition]','25/11/2020',12,'spotify:track:04xrhDrQ2WOW8GLwu7kbc0')
INSERT INTO T1 (238,'epiphany - the long pond studio sessions','folklore: the long pond studio sessions (from the Disney+ special) [deluxe edition]','25/11/2020',13,'spotify:track:4yyKppX85ZkmlGOC2toBZA')
INSERT INTO T1 (239,'betty - the long pond studio sessions','folklore: the long pond studio sessions (from the Disney+ special) [deluxe edition]','25/11/2020',14,'spotify:track:1mh5dObNoOvCfHmXnhvDEK')
INSERT INTO T1 (240,'peace - the long pond studio sessions','folklore: the long pond studio sessions (from the Disney+ special) [deluxe edition]','25/11/2020',15,'spotify:track:4YHHz3VIXgNDGdoL9xC1tx')
INSERT INTO T1 (241,'hoax - the long pond studio sessions','folklore: the long pond studio sessions (from the Disney+ special) [deluxe edition]','25/11/2020',16,'spotify:track:0QTBsdoJhamY3Aid3fOsOd')
INSERT INTO T1 (242,'the lakes - the long pond studio sessions','folklore: the long pond studio sessions (from the Disney+ special) [deluxe edition]','25/11/2020',17,'spotify:track:6mqyTq948oap5AkyTsd6XF')
INSERT INTO T1 (243,'the 1','folklore (deluxe version)','18/08/2020',1,'spotify:track:4pfrrhvplbJZAIsfosGWQP')
INSERT INTO T1 (244,'cardigan','folklore (deluxe version)','18/08/2020',2,'spotify:track:0KRYCBwIpWYFNrXOmXbyUh')
INSERT INTO T1 (245,'the last great american dynasty','folklore (deluxe version)','18/08/2020',3,'spotify:track:2olxzvoFI9IpxqFeUv7WOX')
INSERT INTO T1 (246,'exile (feat. Bon Iver)','folklore (deluxe version)','18/08/2020',4,'spotify:track:5S4aYQAJOwJMAamANWlICO')
INSERT INTO T1 (247,'my tears ricochet','folklore (deluxe version)','18/08/2020',5,'spotify:track:5P2bHCDM2tsgIaYWsZMhu5')
INSERT INTO T1 (248,'mirrorball','folklore (deluxe version)','18/08/2020',6,'spotify:track:2I8YAEA1VmCuP1wkJHMpTw')
INSERT INTO T1 (249,'seven','folklore (deluxe version)','18/08/2020',7,'spotify:track:76mOLcXOjOEhyY4mMF1l3r')
INSERT INTO T1 (250,'august','folklore (deluxe version)','18/08/2020',8,'spotify:track:6nK2pIKFcRc5frrZKHgsiT')
INSERT INTO T1 (251,'this is me trying','folklore (deluxe version)','18/08/2020',9,'spotify:track:7cm50Lw03k6VvRauJtkyTj')
INSERT INTO T1 (252,'illicit affairs','folklore (deluxe version)','18/08/2020',10,'spotify:track:6DrLROM5MG9bxWHeEG5elq')
INSERT INTO T1 (253,'invisible string','folklore (deluxe version)','18/08/2020',11,'spotify:track:2ehRU518I0hYqMGQnk4lDY')
INSERT INTO T1 (254,'mad woman','folklore (deluxe version)','18/08/2020',12,'spotify:track:0RP1kqoSPkVXsKiQNhMKzV')
INSERT INTO T1 (255,'epiphany','folklore (deluxe version)','18/08/2020',13,'spotify:track:1EXa37LpSvi3OQ9UYQ28rD')
INSERT INTO T1 (256,'betty','folklore (deluxe version)','18/08/2020',14,'spotify:track:3IhtE4fkytdrtEfV34UzkD')
INSERT INTO T1 (257,'peace','folklore (deluxe version)','18/08/2020',15,'spotify:track:6JlI8Ay77m4nJvZTHvfT1J')
INSERT INTO T1 (258,'hoax','folklore (deluxe version)','18/08/2020',16,'spotify:track:0YeDG5HnKnG7jpArkzsSPa')
INSERT INTO T1 (259,'the lakes - bonus track','folklore (deluxe version)','18/08/2020',17,'spotify:track:0eFQWVz0qIxDOvhLpZ40P7')
INSERT INTO T1 (260,'the 1','folklore','24/07/2020',1,'spotify:track:0Jlcvv8IykzHaSmj49uNW8')
INSERT INTO T1 (261,'cardigan','folklore','24/07/2020',2,'spotify:track:4R2kfaDFhslZEMJqAFNpdd')
INSERT INTO T1 (262,'the last great american dynasty','folklore','24/07/2020',3,'spotify:track:2Eeur20xVqfUoM3Q7EFPFt')
INSERT INTO T1 (263,'exile (feat. Bon Iver)','folklore','24/07/2020',4,'spotify:track:4pvb0WLRcMtbPGmtejJJ6y')
INSERT INTO T1 (264,'my tears ricochet','folklore','24/07/2020',5,'spotify:track:1MgV7FIyNxIG7WzMRJV5HC')
INSERT INTO T1 (265,'mirrorball','folklore','24/07/2020',6,'spotify:track:0ZNU020wNYvgW84iljPkPP')
INSERT INTO T1 (266,'seven','folklore','24/07/2020',7,'spotify:track:6KJqZcs9XDgVck7Lg9QOTC')
INSERT INTO T1 (267,'august','folklore','24/07/2020',8,'spotify:track:3hUxzQpSfdDqwM3ZTFQY0K')
INSERT INTO T1 (268,'this is me trying','folklore','24/07/2020',9,'spotify:track:7kt9e9LFSpN1zQtYEl19o1')
INSERT INTO T1 (269,'illicit affairs','folklore','24/07/2020',10,'spotify:track:2NmsngXHeC1GQ9wWrzhOMf')
INSERT INTO T1 (270,'invisible string','folklore','24/07/2020',11,'spotify:track:6VsvKPJ4xjVNKpI8VVZ3SV')
INSERT INTO T1 (271,'mad woman','folklore','24/07/2020',12,'spotify:track:2QDyYdZyhlP2fp79KZX8Bi')
INSERT INTO T1 (272,'epiphany','folklore','24/07/2020',13,'spotify:track:08fa9LFcFBTcilB3iq2e2A')
INSERT INTO T1 (273,'betty','folklore','24/07/2020',14,'spotify:track:5kI4eCXXzyuIUXjQra0Cxi')
INSERT INTO T1 (274,'peace','folklore','24/07/2020',15,'spotify:track:7MbT4I8qGntX4fMdqMQgke')
INSERT INTO T1 (275,'hoax','folklore','24/07/2020',16,'spotify:track:6MWoRt97mnSTXZhu3ggi9C')
INSERT INTO T1 (276,'I Forgot That You Existed','Lover','23/08/2019',1,'spotify:track:43rA71bccXFGD4C8GOpIlN')
INSERT INTO T1 (277,'Cruel Summer','Lover','23/08/2019',2,'spotify:track:1BxfuPKGuaTgP7aM0Bbdwr')
INSERT INTO T1 (278,'Lover','Lover','23/08/2019',3,'spotify:track:1dGr1c8CrMLDpV6mPbImSI')
INSERT INTO T1 (279,'The Man','Lover','23/08/2019',4,'spotify:track:3RauEVgRgj1IuWdJ9fDs70')
INSERT INTO T1 (280,'The Archer','Lover','23/08/2019',5,'spotify:track:3pHkh7d0lzM2AldUtz2x37')
INSERT INTO T1 (281,'I Think He Knows','Lover','23/08/2019',6,'spotify:track:2YWtcWi3a83pdEg3Gif4Pd')
INSERT INTO T1 (282,'Miss Americana & The Heartbreak Prince','Lover','23/08/2019',7,'spotify:track:214nt20w5wOxJnY462klLw')
INSERT INTO T1 (283,'Paper Rings','Lover','23/08/2019',8,'spotify:track:4y5bvROuBDPr5fuwXbIBZR')
INSERT INTO T1 (284,'Cornelia Street','Lover','23/08/2019',9,'spotify:track:12M5uqx0ZuwkpLp5rJim1a')
INSERT INTO T1 (285,'Death By A Thousand Cuts','Lover','23/08/2019',10,'spotify:track:2dgFqt3w9xIQRjhPtwNk3D')
INSERT INTO T1 (286,'London Boy','Lover','23/08/2019',11,'spotify:track:1LLXZFeAHK9R4xUramtUKw')
INSERT INTO T1 (287,'Soon You’ll Get Better (feat. The Chicks)','Lover','23/08/2019',12,'spotify:track:4AYtqFyFbX0Xkc2wtcygTr')
INSERT INTO T1 (288,'False God','Lover','23/08/2019',13,'spotify:track:5hQSXkFgbxjZo9uCwd11so')
INSERT INTO T1 (289,'You Need To Calm Down','Lover','23/08/2019',14,'spotify:track:6RRNNciQGZEXnqk8SQ9yv5')
INSERT INTO T1 (290,'Afterglow','Lover','23/08/2019',15,'spotify:track:1SymEzIT3H8UZfibCs3TYi')
INSERT INTO T1 (291,'ME! (feat. Brendon Urie of Panic! At The Disco)','Lover','23/08/2019',16,'spotify:track:2Rk4JlNc2TPmZe2af99d45')
INSERT INTO T1 (292,'It’s Nice To Have A Friend','Lover','23/08/2019',17,'spotify:track:1SmiQ65iSAbPto6gPFlBYm')
INSERT INTO T1 (293,'Daylight','Lover','23/08/2019',18,'spotify:track:1fzAuUVbzlhZ1lJAx9PtY6')
INSERT INTO T1 (294,'...Ready For It?','reputation','10/11/2017',1,'spotify:track:2yLa0QULdQr0qAIvVwN6B5')
INSERT INTO T1 (295,'End Game','reputation','10/11/2017',2,'spotify:track:2x0WlnmfG39ZuDmstl9xfX')
INSERT INTO T1 (296,'I Did Something Bad','reputation','10/11/2017',3,'spotify:track:4svZDCRz4cJoneBpjpx8DJ')
INSERT INTO T1 (297,'Don’t Blame Me','reputation','10/11/2017',4,'spotify:track:1R0a2iXumgCiFb7HEZ7gUE')
INSERT INTO T1 (298,'Delicate','reputation','10/11/2017',5,'spotify:track:6NFyWDv5CjfwuzoCkw47Xf')
INSERT INTO T1 (299,'Look What You Made Me Do','reputation','10/11/2017',6,'spotify:track:1P17dC1amhFzptugyAO7Il')
INSERT INTO T1 (300,'So It Goes...','reputation','10/11/2017',7,'spotify:track:5PxFv9yJEg9dxvbZggykro')
INSERT INTO T1 (301,'Gorgeous','reputation','10/11/2017',8,'spotify:track:1ZY1PqizIl78geGM4xWlEA')
INSERT INTO T1 (302,'Getaway Car','reputation','10/11/2017',9,'spotify:track:0VE4kBnHJUgtMf0dy6DRmW')
INSERT INTO T1 (303,'King Of My Heart','reputation','10/11/2017',10,'spotify:track:7HuBDWi18s4aJM8UFnNheH')
INSERT INTO T1 (304,'Dancing With Our Hands Tied','reputation','10/11/2017',11,'spotify:track:7I7JbDv63ZJJsSi24DyJrz')
INSERT INTO T1 (305,'Dress','reputation','10/11/2017',12,'spotify:track:6oVxXO5oQ4pTpO8RSnkzvv')
INSERT INTO T1 (306,'This Is Why We Can`t Have Nice Things','reputation','10/11/2017',13,'spotify:track:07NxDD1iKCHbAldceD7QLP')
INSERT INTO T1 (307,'Call It What You Want','reputation','10/11/2017',14,'spotify:track:1GwMQaZz6Au3QLDbjbMdme')
INSERT INTO T1 (308,'New Year’s Day','reputation','10/11/2017',15,'spotify:track:7F5oktn5YOsR9eR5YsFtqb')
INSERT INTO T1 (309,'All Too Well','reputation Stadium Tour Surprise Song Playlist','09/11/2017',1,'spotify:track:00vJzaoxM3Eja1doBUhX0P')
INSERT INTO T1 (310,'Wildest Dreams','reputation Stadium Tour Surprise Song Playlist','09/11/2017',2,'spotify:track:22C0JIVhFaczZ4t9heqREN')
INSERT INTO T1 (311,'The Best Day','reputation Stadium Tour Surprise Song Playlist','09/11/2017',3,'spotify:track:7APTsjmZbj7TFXQJAiRti4')
INSERT INTO T1 (312,'Red','reputation Stadium Tour Surprise Song Playlist','09/11/2017',4,'spotify:track:4V9NuhKQcUFt4cgbynHV79')
INSERT INTO T1 (313,'Holy Ground','reputation Stadium Tour Surprise Song Playlist','09/11/2017',5,'spotify:track:4hCZk6WJBFQeG3P7WsyntI')
INSERT INTO T1 (314,'Teardrops On My Guitar - Radio Single Remix','reputation Stadium Tour Surprise Song Playlist','09/11/2017',6,'spotify:track:7eGeUVeCEvEQrivmjl9Qn3')
INSERT INTO T1 (315,'Our Song','reputation Stadium Tour Surprise Song Playlist','09/11/2017',7,'spotify:track:7qGr3rjRhndRIpFUA5f2HJ')
INSERT INTO T1 (316,'22','reputation Stadium Tour Surprise Song Playlist','09/11/2017',8,'spotify:track:2P5gfMtCcKP0CkmgqFMyPg')
INSERT INTO T1 (317,'I Knew You Were Trouble.','reputation Stadium Tour Surprise Song Playlist','09/11/2017',9,'spotify:track:2o2IVjuqRkR9hJxtPjtAP0')
INSERT INTO T1 (318,'I Don’t Wanna Live Forever (Fifty Shades Darker)','reputation Stadium Tour Surprise Song Playlist','09/11/2017',10,'spotify:track:55n9yjI6qqXh5F2mYvUc2y')
INSERT INTO T1 (319,'Mean','reputation Stadium Tour Surprise Song Playlist','09/11/2017',11,'spotify:track:5rcHBt2aNcGFWW0jaAUe1L')
INSERT INTO T1 (320,'How You Get The Girl','reputation Stadium Tour Surprise Song Playlist','09/11/2017',12,'spotify:track:3aSYZ4upQ6OSNos26YeVWL')
INSERT INTO T1 (321,'So It Goes...','reputation Stadium Tour Surprise Song Playlist','09/11/2017',13,'spotify:track:41T04yafZVrjNq2FqvLtId')
INSERT INTO T1 (322,'Fifteen','reputation Stadium Tour Surprise Song Playlist','09/11/2017',14,'spotify:track:0H2UD0LfSCiRr59YMGlCuS')
INSERT INTO T1 (323,'Mine','reputation Stadium Tour Surprise Song Playlist','09/11/2017',15,'spotify:track:6FmJKLpyCt42nP2IOVEVc2')
INSERT INTO T1 (324,'Sparks Fly','reputation Stadium Tour Surprise Song Playlist','09/11/2017',16,'spotify:track:5h2sBwpUSAndjObfU3ti2r')
INSERT INTO T1 (325,'State Of Grace','reputation Stadium Tour Surprise Song Playlist','09/11/2017',17,'spotify:track:0YRGTdfmJPALpglAaraYUr')
INSERT INTO T1 (326,'Haunted','reputation Stadium Tour Surprise Song Playlist','09/11/2017',18,'spotify:track:6CB7DczrX9ZJB9Wkjegmaq')
INSERT INTO T1 (327,'Never Grow Up','reputation Stadium Tour Surprise Song Playlist','09/11/2017',19,'spotify:track:1UPDfqsVIZLEiZeMuUsni2')
INSERT INTO T1 (328,'Treacherous','reputation Stadium Tour Surprise Song Playlist','09/11/2017',20,'spotify:track:0r3U7SOcoj4DIEyN44Lt5z')
INSERT INTO T1 (329,'Babe','reputation Stadium Tour Surprise Song Playlist','09/11/2017',21,'spotify:track:40PXEOFLJc7UIpLMrhSfW1')
INSERT INTO T1 (330,'Welcome To New York','reputation Stadium Tour Surprise Song Playlist','09/11/2017',22,'spotify:track:3YLA3NgzFRRa7LiHMtFPby')
INSERT INTO T1 (331,'Fearless','reputation Stadium Tour Surprise Song Playlist','09/11/2017',23,'spotify:track:43sE2O3skbGBpT2tO6fzv9')
INSERT INTO T1 (332,'Enchanted','reputation Stadium Tour Surprise Song Playlist','09/11/2017',24,'spotify:track:5lg33MHs1BoUtJVClw8ZpI')
INSERT INTO T1 (333,'Change','reputation Stadium Tour Surprise Song Playlist','09/11/2017',25,'spotify:track:5PSOWHll3h3Vy226xSJk0M')
INSERT INTO T1 (334,'Ours','reputation Stadium Tour Surprise Song Playlist','09/11/2017',26,'spotify:track:0V3SNHDka1JSCP71HAzpxw')
INSERT INTO T1 (335,'Out Of The Woods','reputation Stadium Tour Surprise Song Playlist','09/11/2017',27,'spotify:track:0GmfiNHSgkKamYgQEMYOH3')
INSERT INTO T1 (336,'Come Back...Be Here','reputation Stadium Tour Surprise Song Playlist','09/11/2017',28,'spotify:track:5hiqtrACtMJkNpaNHj0n9Z')
INSERT INTO T1 (337,'A Place in this World','reputation Stadium Tour Surprise Song Playlist','09/11/2017',29,'spotify:track:2RSYYe7LhKFxIi50T5XtUo')
INSERT INTO T1 (338,'This Love','reputation Stadium Tour Surprise Song Playlist','09/11/2017',30,'spotify:track:64KRxmbqypPBlya4nxFmDn')
INSERT INTO T1 (339,'The Lucky One','reputation Stadium Tour Surprise Song Playlist','09/11/2017',31,'spotify:track:24ksPWXKg1k7OOG57pufED')
INSERT INTO T1 (340,'Invisible','reputation Stadium Tour Surprise Song Playlist','09/11/2017',32,'spotify:track:0kqC185OTcnuhbz4T7g5RB')
INSERT INTO T1 (341,'Breathe','reputation Stadium Tour Surprise Song Playlist','09/11/2017',33,'spotify:track:3oxgFdIlxFEDEJqn7k5TVN')
INSERT INTO T1 (342,'Better Man','reputation Stadium Tour Surprise Song Playlist','09/11/2017',34,'spotify:track:3EXetjrGgwIjDRNn6YA8sa')
INSERT INTO T1 (343,'Jump Then Fall','reputation Stadium Tour Surprise Song Playlist','09/11/2017',35,'spotify:track:5zytSTR2g0I9psX2Z12ex6')
INSERT INTO T1 (344,'Begin Again','reputation Stadium Tour Surprise Song Playlist','09/11/2017',36,'spotify:track:2G679wnKfyhUOeNx910OXg')
INSERT INTO T1 (345,'Tied Together with a Smile','reputation Stadium Tour Surprise Song Playlist','09/11/2017',37,'spotify:track:4qNEi8zGIYLiMtoW8OaJdx')
INSERT INTO T1 (346,'The Story Of Us','reputation Stadium Tour Surprise Song Playlist','09/11/2017',38,'spotify:track:2fF3QzbGCrtrDXIdWcg1mv')
INSERT INTO T1 (347,'Forever & Always','reputation Stadium Tour Surprise Song Playlist','09/11/2017',39,'spotify:track:0QCS4NpURHvWdF1icdkfBw')
INSERT INTO T1 (348,'Hey Stephen','reputation Stadium Tour Surprise Song Playlist','09/11/2017',40,'spotify:track:0TYJbIHBtmWy9ugtU9BcbE')
INSERT INTO T1 (349,'Speak Now','reputation Stadium Tour Surprise Song Playlist','09/11/2017',41,'spotify:track:1XLc4irbX7oQSneh6gWv3O')
INSERT INTO T1 (350,'Wonderland','reputation Stadium Tour Surprise Song Playlist','09/11/2017',42,'spotify:track:0eTCaVOYLpJlSkbEi2jay4')
INSERT INTO T1 (351,'White Horse','reputation Stadium Tour Surprise Song Playlist','09/11/2017',43,'spotify:track:4RMfSYDFkcz0bKoK8fHDgR')
INSERT INTO T1 (352,'I`m Only Me When I`m With You','reputation Stadium Tour Surprise Song Playlist','09/11/2017',44,'spotify:track:6Py8IKZqDyU8aQVrjilbJw')
INSERT INTO T1 (353,'Starlight','reputation Stadium Tour Surprise Song Playlist','09/11/2017',45,'spotify:track:7txpzmA69zyk50K3ZyZSzC')
INSERT INTO T1 (354,'I Know Places','reputation Stadium Tour Surprise Song Playlist','09/11/2017',46,'spotify:track:3qGLcmO0XnnrcpAQGZwTvA')
INSERT INTO T1 (355,'Welcome To New York','1989 (Deluxe Edition)','27/10/2014',1,'spotify:track:33Kq0AT5rvwyE4azisG08x')
INSERT INTO T1 (356,'Blank Space','1989 (Deluxe Edition)','27/10/2014',2,'spotify:track:2sC2P3BN0IXujNaaSyDmtP')
INSERT INTO T1 (357,'Style','1989 (Deluxe Edition)','27/10/2014',3,'spotify:track:1fo2ctLqj3zBhRQKOXprol')
INSERT INTO T1 (358,'Out Of The Woods','1989 (Deluxe Edition)','27/10/2014',4,'spotify:track:6Nde5KuTXyB7jlPO4upaBo')
INSERT INTO T1 (359,'All You Had To Do Was Stay','1989 (Deluxe Edition)','27/10/2014',5,'spotify:track:0lmMtDQ2ElasKU2qDAE6NN')
INSERT INTO T1 (360,'Shake It Off','1989 (Deluxe Edition)','27/10/2014',6,'spotify:track:3fthfkkvy9av3q3uAGVf7U')
INSERT INTO T1 (361,'I Wish You Would','1989 (Deluxe Edition)','27/10/2014',7,'spotify:track:1B5VzXPqMlvRw0U4HJY3dJ')
INSERT INTO T1 (362,'Bad Blood','1989 (Deluxe Edition)','27/10/2014',8,'spotify:track:0yN4fNzmVnmgC0dsOoi9Wh')
INSERT INTO T1 (363,'Wildest Dreams','1989 (Deluxe Edition)','27/10/2014',9,'spotify:track:106R7Z57WYzBAfrXImV30y')
INSERT INTO T1 (364,'How You Get The Girl','1989 (Deluxe Edition)','27/10/2014',10,'spotify:track:6wfugRLamFsTRbPcCpNnP7')
INSERT INTO T1 (365,'This Love','1989 (Deluxe Edition)','27/10/2014',11,'spotify:track:1kTPQnabROVkW9bUXdCGrB')
INSERT INTO T1 (366,'I Know Places','1989 (Deluxe Edition)','27/10/2014',12,'spotify:track:2zfgVd034GlUvk7LqBHl6u')
INSERT INTO T1 (367,'Clean','1989 (Deluxe Edition)','27/10/2014',13,'spotify:track:4bXCcoesMt8u99xMsbLr9U')
INSERT INTO T1 (368,'Wonderland','1989 (Deluxe Edition)','27/10/2014',14,'spotify:track:6iWMI5oOhWrDbLbjmwTWFq')
INSERT INTO T1 (369,'You Are In Love','1989 (Deluxe Edition)','27/10/2014',15,'spotify:track:4A2LfnduSTsE8u0ecYROxE')
INSERT INTO T1 (370,'New Romantics','1989 (Deluxe Edition)','27/10/2014',16,'spotify:track:6rZVy6FIG7lSJQMFXHo12z')
INSERT INTO T1 (371,'I Know Places - Voice Memo','1989 (Deluxe Edition)','27/10/2014',17,'spotify:track:4JQm7ebhsrt10wmrP6AfXL')
INSERT INTO T1 (372,'I Wish You Would - Voice Memo','1989 (Deluxe Edition)','27/10/2014',18,'spotify:track:4TtyvyI42C0KFnbDZvNC8Y')
INSERT INTO T1 (373,'Blank Space - Voice Memo','1989 (Deluxe Edition)','27/10/2014',19,'spotify:track:0yisH8r0f3Mkq34kjzUlCV')
INSERT INTO T1 (374,'Welcome To New York','1989','27/10/2014',1,'spotify:track:6qnM0XXPZOINWA778uNqQ9')
INSERT INTO T1 (375,'Blank Space','1989','27/10/2014',2,'spotify:track:1p80LdxRV74UKvL8gnD7ky')
INSERT INTO T1 (376,'Style','1989','27/10/2014',3,'spotify:track:4lIxdJw6W3Fg4vUIYCB0S5')
INSERT INTO T1 (377,'Out Of The Woods','1989','27/10/2014',4,'spotify:track:5OndtwLGA9O6XHFcGm2H7r')
INSERT INTO T1 (378,'All You Had To Do Was Stay','1989','27/10/2014',5,'spotify:track:0dAb8TY433dl3ZfXYCLE19')
INSERT INTO T1 (379,'Shake It Off','1989','27/10/2014',6,'spotify:track:5xTtaWoae3wi06K5WfVUUH')
INSERT INTO T1 (380,'I Wish You Would','1989','27/10/2014',7,'spotify:track:3wmN11qXGL0HyPojvEE1D9')
INSERT INTO T1 (381,'Bad Blood','1989','27/10/2014',8,'spotify:track:273dCMFseLcVsoSWx59IoE')
INSERT INTO T1 (382,'Wildest Dreams','1989','27/10/2014',9,'spotify:track:59HjlYCeBsxdI0fcm3zglw')
INSERT INTO T1 (383,'How You Get The Girl','1989','27/10/2014',10,'spotify:track:4dYUOfmWna6DFccnz732n8')
INSERT INTO T1 (384,'This Love','1989','27/10/2014',11,'spotify:track:3oKMl2tJv4fdidkXUYMI5x')
INSERT INTO T1 (385,'I Know Places','1989','27/10/2014',12,'spotify:track:3jBMHD19RZdAqG9iFQh7xc')
INSERT INTO T1 (386,'Clean','1989','27/10/2014',13,'spotify:track:06WgOCf0LV2h4keYXDRnuh')
INSERT INTO T1 (387,'State Of Grace','Red (Deluxe Edition)','22/10/2012',1,'spotify:track:5zyCYmiaVE5y26EZuwZbsw')
INSERT INTO T1 (388,'Red','Red (Deluxe Edition)','22/10/2012',2,'spotify:track:1RvQQGwaPipiNgz8RXAKA8')
INSERT INTO T1 (389,'Treacherous','Red (Deluxe Edition)','22/10/2012',3,'spotify:track:0XfOV7qY3834QpFVwOb6CC')
INSERT INTO T1 (390,'I Knew You Were Trouble.','Red (Deluxe Edition)','22/10/2012',4,'spotify:track:0ciHz919LVKoH4zgxyMPZ9')
INSERT INTO T1 (391,'All Too Well','Red (Deluxe Edition)','22/10/2012',5,'spotify:track:1q3RiD1tIWUpGsNFADMlvl')
INSERT INTO T1 (392,'22','Red (Deluxe Edition)','22/10/2012',6,'spotify:track:3bIxTsfeNMO7Nt2J3EUKrA')
INSERT INTO T1 (393,'I Almost Do','Red (Deluxe Edition)','22/10/2012',7,'spotify:track:31pEV5lPJi7btskZoUr2yu')
INSERT INTO T1 (394,'We Are Never Ever Getting Back Together','Red (Deluxe Edition)','22/10/2012',8,'spotify:track:1OYARuagDrpgNNQ4loO1Cs')
INSERT INTO T1 (395,'Stay Stay Stay','Red (Deluxe Edition)','22/10/2012',9,'spotify:track:1x0J8LFX23d5h1zzuzZorc')
INSERT INTO T1 (396,'The Last Time','Red (Deluxe Edition)','22/10/2012',10,'spotify:track:7vvIpJZye5cRR6De1LKM0m')
INSERT INTO T1 (397,'Holy Ground','Red (Deluxe Edition)','22/10/2012',11,'spotify:track:5d2Kn9oAAh9S2EbyCo1i52')
INSERT INTO T1 (398,'Sad Beautiful Tragic','Red (Deluxe Edition)','22/10/2012',12,'spotify:track:5QKhg4r4Ibt0LVTmWEXTEg')
INSERT INTO T1 (399,'The Lucky One','Red (Deluxe Edition)','22/10/2012',13,'spotify:track:2wtHlpYSgC7xEdD3DrSHNL')
INSERT INTO T1 (400,'Everything Has Changed','Red (Deluxe Edition)','22/10/2012',14,'spotify:track:7gdwoOmi258QJq0hmQ4hto')
INSERT INTO T1 (401,'Starlight','Red (Deluxe Edition)','22/10/2012',15,'spotify:track:0vqI4ZIMuifeKeItGiWbPj')
INSERT INTO T1 (402,'Begin Again','Red (Deluxe Edition)','22/10/2012',16,'spotify:track:48A0aShHlovDfTMucMrE66')
INSERT INTO T1 (403,'The Moment I Knew','Red (Deluxe Edition)','22/10/2012',17,'spotify:track:5AsmAjBSSQjRPWgAYIp8tm')
INSERT INTO T1 (404,'Come Back...Be Here','Red (Deluxe Edition)','22/10/2012',18,'spotify:track:4qyalTRMRH5YuEntvvMvq0')
INSERT INTO T1 (405,'Girl At Home','Red (Deluxe Edition)','22/10/2012',19,'spotify:track:6cf6rLb8qcklvJv90W6HCW')
INSERT INTO T1 (406,'Treacherous - Original Demo Recording','Red (Deluxe Edition)','22/10/2012',20,'spotify:track:7BT9K9BDqq6HI2oWH5UMZQ')
INSERT INTO T1 (407,'Red - Original Demo Recording','Red (Deluxe Edition)','22/10/2012',21,'spotify:track:4mqgn90sCeVSYqcoftTQTd')
INSERT INTO T1 (408,'State Of Grace - Acoustic','Red (Deluxe Edition)','22/10/2012',22,'spotify:track:5G9AVKld9q7DCrmoY42raf')
INSERT INTO T1 (409,'State Of Grace','Red','22/10/2012',1,'spotify:track:786NsUYn4GGUf8AOt0SQhP')
INSERT INTO T1 (410,'Red','Red','22/10/2012',2,'spotify:track:0cITLOYn1Sv4q27zZPqlNK')
INSERT INTO T1 (411,'Treacherous','Red','22/10/2012',3,'spotify:track:5kYFVSQoPu7yRpfiHBwMUk')
INSERT INTO T1 (412,'I Knew You Were Trouble.','Red','22/10/2012',4,'spotify:track:72jCZdH0Lhg93z6Z4hBjgj')
INSERT INTO T1 (413,'All Too Well','Red','22/10/2012',5,'spotify:track:4XMP3zVxrnr58T0tjIHvpR')
INSERT INTO T1 (414,'22','Red','22/10/2012',6,'spotify:track:2ULNeSomDxVNmdDy8VxEBU')
INSERT INTO T1 (415,'I Almost Do','Red','22/10/2012',7,'spotify:track:5VwFkx7JOimOGTYfha5rs1')
INSERT INTO T1 (416,'We Are Never Ever Getting Back Together','Red','22/10/2012',8,'spotify:track:7AEAGTc8cReDqcbPoY9gwo')
INSERT INTO T1 (417,'Stay Stay Stay','Red','22/10/2012',9,'spotify:track:1qLeEu4iXEclkLwoBlMiou')
INSERT INTO T1 (418,'The Last Time','Red','22/10/2012',10,'spotify:track:3n9mzjgAzjyKawvbHzciXF')
INSERT INTO T1 (419,'Holy Ground','Red','22/10/2012',11,'spotify:track:1fGsZsIkQkOspfsT24nQP6')
INSERT INTO T1 (420,'Sad Beautiful Tragic','Red','22/10/2012',12,'spotify:track:6LKjHhOW1az75pCQ9XJJtF')
INSERT INTO T1 (421,'The Lucky One','Red','22/10/2012',13,'spotify:track:2X2J0BhxaLTmnxO4pPUhSd')
INSERT INTO T1 (422,'Everything Has Changed','Red','22/10/2012',14,'spotify:track:4NAmRvqSITAAzKWnC8yRq3')
INSERT INTO T1 (423,'Starlight','Red','22/10/2012',15,'spotify:track:7MecVsMj22MneZt7kVFaCr')
INSERT INTO T1 (424,'Begin Again','Red','22/10/2012',16,'spotify:track:0L4YCNRfXAoTvdpWeH2RGj')
INSERT INTO T1 (425,'Sparks Fly - Live/2011','Speak Now World Tour Live','25/10/2010',1,'spotify:track:1aBJNc2thaKyh5THWzIqHX')
INSERT INTO T1 (426,'Mine - Live/2011','Speak Now World Tour Live','25/10/2010',2,'spotify:track:7yndkPYP6YQQLBpPsizDfh')
INSERT INTO T1 (427,'The Story Of Us - Live','Speak Now World Tour Live','25/10/2010',3,'spotify:track:72GIZuUXo14oyrS0si3Rgc')
INSERT INTO T1 (428,'Mean - Live/2011','Speak Now World Tour Live','25/10/2010',4,'spotify:track:7mFiEij8AXPUZB7aKLbUlQ')
INSERT INTO T1 (429,'Ours - Live/2011','Speak Now World Tour Live','25/10/2010',5,'spotify:track:68QyrSzpnoU04AAhE5z8lj')
INSERT INTO T1 (430,'Back To December/Apologize/You`re Not Sorry - Live/2011/Medley','Speak Now World Tour Live','25/10/2010',6,'spotify:track:1IsquhJFJ0qcFZI7FeAEuN')
INSERT INTO T1 (431,'Better Than Revenge - Live/2011','Speak Now World Tour Live','25/10/2010',7,'spotify:track:6505MLhnqTDDg4tjoUz2Wp')
INSERT INTO T1 (432,'Speak Now - Live/2011','Speak Now World Tour Live','25/10/2010',8,'spotify:track:3QFB14MOUf3imlyISNmrbT')
INSERT INTO T1 (433,'Last Kiss - Live/2011','Speak Now World Tour Live','25/10/2010',9,'spotify:track:6hH37tyeRdyan1mAppmVor')
INSERT INTO T1 (434,'Drops Of Jupiter - Live/2011','Speak Now World Tour Live','25/10/2010',10,'spotify:track:0BSmbCIY36iw04azzJ3S0S')
INSERT INTO T1 (435,'Bette Davis Eyes - Live/2011','Speak Now World Tour Live','25/10/2010',11,'spotify:track:6KF9xd2hBLuexrmBX4vUWD')
INSERT INTO T1 (436,'I Want You Back - Live/2011','Speak Now World Tour Live','25/10/2010',12,'spotify:track:4KB3zBArZ1rHRExilzycaV')
INSERT INTO T1 (437,'Dear John - Live/2011','Speak Now World Tour Live','25/10/2010',13,'spotify:track:4DbI1rr4IQ2bc8nejy9ttd')
INSERT INTO T1 (438,'Enchanted - Live/2011','Speak Now World Tour Live','25/10/2010',14,'spotify:track:3lm4L3pPL32PFy74dR17OR')
INSERT INTO T1 (439,'Haunted - Live/2011','Speak Now World Tour Live','25/10/2010',15,'spotify:track:6znB7YZhMJT2B83zfbiyLq')
INSERT INTO T1 (440,'Long Live - Live/2011','Speak Now World Tour Live','25/10/2010',16,'spotify:track:5QkzyLUb4ggojNDp8G2OxX')
INSERT INTO T1 (441,'Mine','Speak Now (Deluxe Edition)','25/10/2010',1,'spotify:track:6LZaxlycSWrJZ4Volb25qx')
INSERT INTO T1 (442,'Sparks Fly','Speak Now (Deluxe Edition)','25/10/2010',2,'spotify:track:1q8E1FfFuhd12c5JcJwPxQ')
INSERT INTO T1 (443,'Back To December','Speak Now (Deluxe Edition)','25/10/2010',3,'spotify:track:7lxADouiWFkwR7ZV2GKUcH')
INSERT INTO T1 (444,'Speak Now','Speak Now (Deluxe Edition)','25/10/2010',4,'spotify:track:1nYWTzy5zu3zEPNgB1sItW')
INSERT INTO T1 (445,'Dear John','Speak Now (Deluxe Edition)','25/10/2010',5,'spotify:track:1ubvV5ECkm6nSI6g1HmbBK')
INSERT INTO T1 (446,'Mean','Speak Now (Deluxe Edition)','25/10/2010',6,'spotify:track:4N60XfcTE1ysLZGbYgnYXq')
INSERT INTO T1 (447,'The Story Of Us','Speak Now (Deluxe Edition)','25/10/2010',7,'spotify:track:19tHCfzUSoy5HkpxcmbA0A')
INSERT INTO T1 (448,'Never Grow Up','Speak Now (Deluxe Edition)','25/10/2010',8,'spotify:track:74WBGgUnpKrJXt6TETfR6Z')
INSERT INTO T1 (449,'Enchanted','Speak Now (Deluxe Edition)','25/10/2010',9,'spotify:track:14LtANuaslKWyYbktUrHBU')
INSERT INTO T1 (450,'Better Than Revenge','Speak Now (Deluxe Edition)','25/10/2010',10,'spotify:track:1By2VQkUN0Frd8mKNV5NYC')
INSERT INTO T1 (451,'Innocent','Speak Now (Deluxe Edition)','25/10/2010',11,'spotify:track:3kfgJql90tzgoxByioAMXR')
INSERT INTO T1 (452,'Haunted','Speak Now (Deluxe Edition)','25/10/2010',12,'spotify:track:11UaQaEp2LvdspTyyuE3ur')
INSERT INTO T1 (453,'Last Kiss','Speak Now (Deluxe Edition)','25/10/2010',13,'spotify:track:1D27z8xNzjW0Mwwt1NCWhJ')
INSERT INTO T1 (454,'Long Live','Speak Now (Deluxe Edition)','25/10/2010',14,'spotify:track:7DjCRhhFo9PPzca1BjMLcf')
INSERT INTO T1 (455,'Ours','Speak Now (Deluxe Edition)','25/10/2010',15,'spotify:track:1EQn3Uc5AyUXoiPLeyCrrg')
INSERT INTO T1 (456,'If This Was A Movie','Speak Now (Deluxe Edition)','25/10/2010',16,'spotify:track:0vvt4IZOMkRug195S4MUq0')
INSERT INTO T1 (457,'Superman','Speak Now (Deluxe Edition)','25/10/2010',17,'spotify:track:2R7C9dDqv1UPycvepBFziA')
INSERT INTO T1 (458,'Back To December - Acoustic','Speak Now (Deluxe Edition)','25/10/2010',18,'spotify:track:6IH2Z54gYPLqgJtxZjX80i')
INSERT INTO T1 (459,'Haunted - Acoustic Version','Speak Now (Deluxe Edition)','25/10/2010',19,'spotify:track:62rlxI6g2PNaWsHoiRryto')
INSERT INTO T1 (460,'Mine - POP Mix','Speak Now (Deluxe Edition)','25/10/2010',20,'spotify:track:0fAbfDiuQiUwV7FUcFfRGY')
INSERT INTO T1 (461,'Mine','Speak Now','25/10/2010',1,'spotify:track:0dBW6ZsW8skfvoRfgeerBF')
INSERT INTO T1 (462,'Sparks Fly','Speak Now','25/10/2010',2,'spotify:track:6d9IiDcFxtFVIvt9pCqyGH')
INSERT INTO T1 (463,'Back To December','Speak Now','25/10/2010',3,'spotify:track:3DrjZArsPsoqbLzUZZV1Id')
INSERT INTO T1 (464,'Speak Now','Speak Now','25/10/2010',4,'spotify:track:24DefNCFiWTP8OjYWiXuYe')
INSERT INTO T1 (465,'Dear John','Speak Now','25/10/2010',5,'spotify:track:7hZuICN5eaCuQyp443RCt6')
INSERT INTO T1 (466,'Mean','Speak Now','25/10/2010',6,'spotify:track:5yEPktRqvIhko5QFF3aBhQ')
INSERT INTO T1 (467,'The Story Of Us','Speak Now','25/10/2010',7,'spotify:track:3RBluWmSoG2pGA1OePzGJI')
INSERT INTO T1 (468,'Never Grow Up','Speak Now','25/10/2010',8,'spotify:track:1wJL1A0QUHJPf2cm7tsrdw')
INSERT INTO T1 (469,'Enchanted','Speak Now','25/10/2010',9,'spotify:track:10eBRyImhfqVvkiVEGf0N0')
INSERT INTO T1 (470,'Better Than Revenge','Speak Now','25/10/2010',10,'spotify:track:2ythurkTtSiyfK7GprJoFW')
INSERT INTO T1 (471,'Innocent','Speak Now','25/10/2010',11,'spotify:track:5GPwN5iZ9ZMSXAkppj4Uvv')
INSERT INTO T1 (472,'Haunted','Speak Now','25/10/2010',12,'spotify:track:28M2gifMU282QBM3fKajIS')
INSERT INTO T1 (473,'Last Kiss','Speak Now','25/10/2010',13,'spotify:track:4h0EXpatqJImv4VRgvX6po')
INSERT INTO T1 (474,'Long Live','Speak Now','25/10/2010',14,'spotify:track:6XDBA3QWX51lDJ0oZbaJJN')
INSERT INTO T1 (475,'Jump Then Fall','Fearless Platinum Edition','11/11/2008',1,'spotify:track:08gavXombT6KR0af88i9tA')
INSERT INTO T1 (476,'Untouchable','Fearless Platinum Edition','11/11/2008',2,'spotify:track:2IZ00ed83ygPIiacYScWUE')
INSERT INTO T1 (477,'Forever & Always - Piano Version','Fearless Platinum Edition','11/11/2008',3,'spotify:track:46HGgtwmmuEB8mvDCyjyAc')
INSERT INTO T1 (478,'Come In With The Rain','Fearless Platinum Edition','11/11/2008',4,'spotify:track:4pl5zcqCv4vc3cB7M4MZ6f')
INSERT INTO T1 (479,'SuperStar','Fearless Platinum Edition','11/11/2008',5,'spotify:track:14Bljc3pOOG0xQX3wqhLN9')
INSERT INTO T1 (480,'The Other Side Of The Door','Fearless Platinum Edition','11/11/2008',6,'spotify:track:0xvsgzM8AtBtRHZm5rav8A')
INSERT INTO T1 (481,'Fearless','Fearless Platinum Edition','11/11/2008',7,'spotify:track:3F6czr26ZwGU5O5CHY04Ma')
INSERT INTO T1 (482,'Fifteen','Fearless Platinum Edition','11/11/2008',8,'spotify:track:3M0w3fhdXByHLCNAoi5c9G')
INSERT INTO T1 (483,'Love Story','Fearless Platinum Edition','11/11/2008',9,'spotify:track:0kN3oXYWWAk1uC0y2WoyOE')
INSERT INTO T1 (484,'Hey Stephen','Fearless Platinum Edition','11/11/2008',10,'spotify:track:6wcFdMmiDscAhZJrcVFumx')
INSERT INTO T1 (485,'White Horse','Fearless Platinum Edition','11/11/2008',11,'spotify:track:4jPtq9shRdUv8Zjr0a5xkD')
INSERT INTO T1 (486,'You Belong With Me','Fearless Platinum Edition','11/11/2008',12,'spotify:track:3as6Wz3mwbTnusWhZjTUNr')
INSERT INTO T1 (487,'Breathe','Fearless Platinum Edition','11/11/2008',13,'spotify:track:6S9G7J3EB1ZY0rrZPwsBg5')
INSERT INTO T1 (488,'Tell Me Why','Fearless Platinum Edition','11/11/2008',14,'spotify:track:4XrP7vKBjKLEYlRZdb0Ygr')
INSERT INTO T1 (489,'You`re Not Sorry','Fearless Platinum Edition','11/11/2008',15,'spotify:track:6HWYtS215rxaaMjvpyG18W')
INSERT INTO T1 (490,'The Way I Loved You','Fearless Platinum Edition','11/11/2008',16,'spotify:track:77VotUUL79U10TAnYdqwvr')
INSERT INTO T1 (491,'Forever & Always','Fearless Platinum Edition','11/11/2008',17,'spotify:track:1zxrcAk6eiytfavqriMcKT')
INSERT INTO T1 (492,'The Best Day','Fearless Platinum Edition','11/11/2008',18,'spotify:track:5YbZZ2gYfvW1UvHHF4pVaD')
INSERT INTO T1 (493,'Change','Fearless Platinum Edition','11/11/2008',19,'spotify:track:0RdcBnAXyH2YZZvcBVu2k6')
INSERT INTO T1 (494,'Fearless','Fearless','11/11/2008',1,'spotify:track:6Eu31gddWw0gOGO506pJYA')
INSERT INTO T1 (495,'Fifteen','Fearless','11/11/2008',2,'spotify:track:4t0OI7XrODjSkAu3bTPmWj')
INSERT INTO T1 (496,'Love Story','Fearless','11/11/2008',3,'spotify:track:1vrd6UOGamcKNGnSHJQlSt')
INSERT INTO T1 (497,'Hey Stephen','Fearless','11/11/2008',4,'spotify:track:4WXzzCof26KJLTK5kK53dS')
INSERT INTO T1 (498,'White Horse','Fearless','11/11/2008',5,'spotify:track:6wn61Fzx9XMxQmieLpoIhW')
INSERT INTO T1 (499,'You Belong With Me','Fearless','11/11/2008',6,'spotify:track:3GCL1PydwsLodcpv0Ll1ch')
INSERT INTO T1 (500,'Breathe','Fearless','11/11/2008',7,'spotify:track:49mWEy5MgtNujgT7xU3emT')
INSERT INTO T1 (501,'Tell Me Why','Fearless','11/11/2008',8,'spotify:track:3rnI1UCyGJvUTVvT97VQr5')
INSERT INTO T1 (502,'You`re Not Sorry','Fearless','11/11/2008',9,'spotify:track:0HmCuN0Z3OX1Qrz43FLOPL')
INSERT INTO T1 (503,'The Way I Loved You','Fearless','11/11/2008',10,'spotify:track:5P4wWhUYWM0IaVYLuZxdar')
INSERT INTO T1 (504,'Forever & Always','Fearless','11/11/2008',11,'spotify:track:47HtKpfzpAt8rQjjXWotFj')
INSERT INTO T1 (505,'The Best Day','Fearless','11/11/2008',12,'spotify:track:3esA216TyLHEkNiBCeCmcg')
INSERT INTO T1 (506,'Change','Fearless','11/11/2008',13,'spotify:track:1yACRKAwlXWhXXFUSkvzhD')
INSERT INTO T1 (507,'Love Story - Live From Clear Channel Stripped 2008','Live From Clear Channel Stripped 2008','28/06/2008',1,'spotify:track:4RBKAqJ3qyvvriDG0s9IJ3')
INSERT INTO T1 (508,'Fearless - Live From Clear Channel Stripped 2008','Live From Clear Channel Stripped 2008','28/06/2008',2,'spotify:track:5g7RMU3cV7zXWH244BLe7G')
INSERT INTO T1 (509,'Beautiful Eyes - Live From Clear Channel Stripped 2008','Live From Clear Channel Stripped 2008','28/06/2008',3,'spotify:track:4aBW31cmkA7BLColUsMEeZ')
INSERT INTO T1 (510,'Untouchable - Live From Clear Channel Stripped 2008','Live From Clear Channel Stripped 2008','28/06/2008',4,'spotify:track:4MbHDiHQjhmoVAV75G04Ql')
INSERT INTO T1 (511,'Teardrops On My Guitar - Live From Clear Channel Stripped 2008','Live From Clear Channel Stripped 2008','28/06/2008',5,'spotify:track:4DjevQhsPWULcondN4mRh5')
INSERT INTO T1 (512,'Picture To Burn - Live From Clear Channel Stripped 2008','Live From Clear Channel Stripped 2008','28/06/2008',6,'spotify:track:7EvU9pRoJ9Xs7anx0P7tEc')
INSERT INTO T1 (513,'Should`ve Said No - Live From Clear Channel Stripped 2008','Live From Clear Channel Stripped 2008','28/06/2008',7,'spotify:track:5a9hUL6ZuiagZhazwrtwHF')
INSERT INTO T1 (514,'Change - Live From Clear Channel Stripped 2008','Live From Clear Channel Stripped 2008','28/06/2008',8,'spotify:track:69o9kr9UexjzeZDE8yD8dQ')
INSERT INTO T1 (515,'Tim McGraw','Taylor Swift','24/10/2006',1,'spotify:track:0Om9WAB5RS09L80DyOfTNa')
INSERT INTO T1 (516,'Picture To Burn','Taylor Swift','24/10/2006',2,'spotify:track:32mVHdy0bi1XKgr0ajsBlG')
INSERT INTO T1 (517,'Teardrops On My Guitar - Radio Single Remix','Taylor Swift','24/10/2006',3,'spotify:track:7zMcNqs55Mxer82bvZFkpg')
INSERT INTO T1 (518,'A Place in this World','Taylor Swift','24/10/2006',4,'spotify:track:73OX8GdpOeGzKC6OvGSbsv')
INSERT INTO T1 (519,'Cold As You','Taylor Swift','24/10/2006',5,'spotify:track:7an1exwMnfYRcdVQm0yDev')
INSERT INTO T1 (520,'The Outside','Taylor Swift','24/10/2006',6,'spotify:track:2QA3IixpRcKyOdG7XDzRgv')
INSERT INTO T1 (521,'Tied Together with a Smile','Taylor Swift','24/10/2006',7,'spotify:track:6K0CJLVXqbGMeJSmJ4ENKK')
INSERT INTO T1 (522,'Stay Beautiful','Taylor Swift','24/10/2006',8,'spotify:track:2ZoOmCSgj0ypVAmGd1ve4y')
INSERT INTO T1 (523,'Should`ve Said No','Taylor Swift','24/10/2006',9,'spotify:track:16MVSD0mGI4RMQT83Qzm69')
INSERT INTO T1 (524,'Mary`s Song (Oh My My My)','Taylor Swift','24/10/2006',10,'spotify:track:2QrQCMel6v2JiLxqrg4p2O')
INSERT INTO T1 (525,'Our Song','Taylor Swift','24/10/2006',11,'spotify:track:15DeqWWQB4dcEWzJg15VrN')
INSERT INTO T1 (526,'I`m Only Me When I`m With You','Taylor Swift','24/10/2006',12,'spotify:track:0JIdBrXGSJXS72zjF9ss9u')
INSERT INTO T1 (527,'Invisible','Taylor Swift','24/10/2006',13,'spotify:track:5OOd01o2YS1QFwdpVLds3r')
INSERT INTO T1 (528,'A Perfectly Good Heart','Taylor Swift','24/10/2006',14,'spotify:track:1spLfUJxtyVyiKKTegQ2r4')
INSERT INTO T1 (529,'Teardrops on My Guitar - Pop Version','Taylor Swift','24/10/2006',15,'spotify:track:4pJi1rVt9GNegU9kywjg4z')
