('"""Slut!"" (Taylor`s Version) (From The Vault)"', '27/10/2023', 'spotify:track:0CD7DzeCsuPJygddqlUVYa')
('"""Slut!"" (Taylor`s Version) (From The Vault)"', '26/10/2023', 'spotify:track:71BqAINEnezjQfxE4VuJfq')
('...Ready For It?', '10/11/2017', 'spotify:track:2yLa0QULdQr0qAIvVwN6B5')
('22', '09/11/2017', 'spotify:track:2P5gfMtCcKP0CkmgqFMyPg')
('22', '22/10/2012', 'spotify:track:3bIxTsfeNMO7Nt2J3EUKrA')
('22', '22/10/2012', 'spotify:track:2ULNeSomDxVNmdDy8VxEBU')
('22 (Taylor`s Version)', '12/11/2021', 'spotify:track:3yII7UwgLF6K5zW3xad3MP')
('A Perfectly Good Heart', '24/10/2006', 'spotify:track:1spLfUJxtyVyiKKTegQ2r4')
('A Place in this World', '09/11/2017', 'spotify:track:2RSYYe7LhKFxIi50T5XtUo')
('A Place in this World', '24/10/2006', 'spotify:track:73OX8GdpOeGzKC6OvGSbsv')
('Afterglow', '23/08/2019', 'spotify:track:1SymEzIT3H8UZfibCs3TYi')
('All Too Well', '09/11/2017', 'spotify:track:00vJzaoxM3Eja1doBUhX0P')
('All Too Well', '22/10/2012', 'spotify:track:1q3RiD1tIWUpGsNFADMlvl')
('All Too Well', '22/10/2012', 'spotify:track:4XMP3zVxrnr58T0tjIHvpR')
('All Too Well (10 Minute Version) (Taylor`s Version) (From The Vault)', '12/11/2021', 'spotify:track:5enxwA8aAbwZbf5qCHORXi')
('All Too Well (Taylor`s Version)', '12/11/2021', 'spotify:track:3nsfB1vus2qaloUdcBZvDu')
('All You Had To Do Was Stay', '27/10/2014', 'spotify:track:0lmMtDQ2ElasKU2qDAE6NN')
('All You Had To Do Was Stay', '27/10/2014', 'spotify:track:0dAb8TY433dl3ZfXYCLE19')
('All You Had To Do Was Stay (Taylor`s Version)', '27/10/2023', 'spotify:track:2k0ZEeAqzvYMcx9Qt5aClQ')
('All You Had To Do Was Stay (Taylor`s Version)', '26/10/2023', 'spotify:track:6GXgd1BPD9bUpqw5AntGV5')
('Anti-Hero', '26/05/2023', 'spotify:track:5qIHFdkW6phMsTZlN2g8Lc')
('Anti-Hero', '22/10/2022', 'spotify:track:02Zkkf2zMkwRGQjZ7T4p8f')
('Anti-Hero', '21/10/2022', 'spotify:track:0V3wPSX9ygBnCm8psDIegu')
('Babe', '09/11/2017', 'spotify:track:40PXEOFLJc7UIpLMrhSfW1')
('Babe (Taylor`s Version) (From The Vault)', '12/11/2021', 'spotify:track:0v4z1tuZvn6LGknom9Qx7d')
('Back To December', '25/10/2010', 'spotify:track:7lxADouiWFkwR7ZV2GKUcH')
('Back To December', '25/10/2010', 'spotify:track:3DrjZArsPsoqbLzUZZV1Id')
('Back To December (Taylor`s Version)', '07/07/2023', 'spotify:track:79uDOz0zuuWS7HWxzMmTa2')
('Back To December - Acoustic', '25/10/2010', 'spotify:track:6IH2Z54gYPLqgJtxZjX80i')
('Back To December/Apologize/You`re Not Sorry - Live/2011/Medley', '25/10/2010', 'spotify:track:1IsquhJFJ0qcFZI7FeAEuN')
('Bad Blood', '27/10/2014', 'spotify:track:0yN4fNzmVnmgC0dsOoi9Wh')
('Bad Blood', '27/10/2014', 'spotify:track:273dCMFseLcVsoSWx59IoE')
('Bad Blood (Taylor`s Version)', '27/10/2023', 'spotify:track:7oZONwFiFIErZcXAtTu7FY')
('Bad Blood (Taylor`s Version)', '26/10/2023', 'spotify:track:64FzgoLZ3oXu2SriZblHic')
('Bad Blood (feat. Kendrick Lamar) (Taylor`s Version)', '27/10/2023', 'spotify:track:6qAcApH8obo8eqatCKUHd9')
('Beautiful Eyes - Live From Clear Channel Stripped 2008', '28/06/2008', 'spotify:track:4aBW31cmkA7BLColUsMEeZ')
('Begin Again', '09/11/2017', 'spotify:track:2G679wnKfyhUOeNx910OXg')
('Begin Again', '22/10/2012', 'spotify:track:48A0aShHlovDfTMucMrE66')
('Begin Again', '22/10/2012', 'spotify:track:0L4YCNRfXAoTvdpWeH2RGj')
('Begin Again (Taylor`s Version)', '12/11/2021', 'spotify:track:05GsNucq8Bngd9fnd4fRa0')
('Bejeweled', '26/05/2023', 'spotify:track:0VpF6RLdCfPIeYRwMu4tZK')
('Bejeweled', '22/10/2022', 'spotify:track:0jvo9CjnbR0lYUDTSNTMiu')
('Bejeweled', '21/10/2022', 'spotify:track:3qoftcUZaUOncvIYjFSPdE')
('Bette Davis Eyes - Live/2011', '25/10/2010', 'spotify:track:6KF9xd2hBLuexrmBX4vUWD')
('Better Man', '09/11/2017', 'spotify:track:3EXetjrGgwIjDRNn6YA8sa')
('Better Man (Taylor`s Version) (From The Vault)', '12/11/2021', 'spotify:track:4OmFmE0fzcMG6g0Y8p4eSD')
('Better Than Revenge', '25/10/2010', 'spotify:track:1By2VQkUN0Frd8mKNV5NYC')
('Better Than Revenge', '25/10/2010', 'spotify:track:2ythurkTtSiyfK7GprJoFW')
('Better Than Revenge (Taylor`s Version)', '07/07/2023', 'spotify:track:0NwGC0v03ysCYINtg6ns58')
('Better Than Revenge - Live/2011', '25/10/2010', 'spotify:track:6505MLhnqTDDg4tjoUz2Wp')
('Bigger Than The Whole Sky', '26/05/2023', 'spotify:track:71CBDRKmF2VeRKYMG1DFBh')
('Bigger Than The Whole Sky', '22/10/2022', 'spotify:track:0BiqmkasE5FdrChwKfVp8X')
('Blank Space', '27/10/2014', 'spotify:track:2sC2P3BN0IXujNaaSyDmtP')
('Blank Space', '27/10/2014', 'spotify:track:1p80LdxRV74UKvL8gnD7ky')
('Blank Space (Taylor`s Version)', '27/10/2023', 'spotify:track:0108kcWLnn2HlH2kedi1gn')
('Blank Space (Taylor`s Version)', '26/10/2023', 'spotify:track:45wMBGri1PORPjM9PwFfrS')
('Blank Space - Voice Memo', '27/10/2014', 'spotify:track:0yisH8r0f3Mkq34kjzUlCV')
('Breathe', '09/11/2017', 'spotify:track:3oxgFdIlxFEDEJqn7k5TVN')
('Breathe', '11/11/2008', 'spotify:track:6S9G7J3EB1ZY0rrZPwsBg5')
('Breathe', '11/11/2008', 'spotify:track:49mWEy5MgtNujgT7xU3emT')
('Breathe (feat. Colbie Caillat) (Taylor’s Version)', '09/04/2021', 'spotify:track:7HC7R2D8WjXVcUHJyEGjRs')
('Bye Bye Baby (Taylor’s Version) (From The Vault)', '09/04/2021', 'spotify:track:4qUijfYU8EoIWiY6oSyrgT')
('Call It What You Want', '10/11/2017', 'spotify:track:1GwMQaZz6Au3QLDbjbMdme')
('Castles Crumbling (feat. Hayley Williams) (Taylor’s Version) (From The Vault)', '07/07/2023', 'spotify:track:4ABYxlb92WBIjHu7TIKmml')
('Change', '09/11/2017', 'spotify:track:5PSOWHll3h3Vy226xSJk0M')
('Change', '11/11/2008', 'spotify:track:0RdcBnAXyH2YZZvcBVu2k6')
('Change', '11/11/2008', 'spotify:track:1yACRKAwlXWhXXFUSkvzhD')
('Change (Taylor’s Version)', '09/04/2021', 'spotify:track:3ExweHKZF9B752DPQByRVT')
('Change - Live From Clear Channel Stripped 2008', '28/06/2008', 'spotify:track:69o9kr9UexjzeZDE8yD8dQ')
('Clean', '27/10/2014', 'spotify:track:4bXCcoesMt8u99xMsbLr9U')
('Clean', '27/10/2014', 'spotify:track:06WgOCf0LV2h4keYXDRnuh')
('Clean (Taylor`s Version)', '27/10/2023', 'spotify:track:0lKUBmEyQfzsQHozyeXzES')
('Clean (Taylor`s Version)', '26/10/2023', 'spotify:track:2ByBBvpR9b7IynvRmnG7kG')
('Cold As You', '24/10/2006', 'spotify:track:7an1exwMnfYRcdVQm0yDev')
('Come Back...Be Here', '09/11/2017', 'spotify:track:5hiqtrACtMJkNpaNHj0n9Z')
('Come Back...Be Here', '22/10/2012', 'spotify:track:4qyalTRMRH5YuEntvvMvq0')
('Come Back...Be Here (Taylor`s Version)', '12/11/2021', 'spotify:track:4pNApnaUWAL2J4KO2eqokq')
('Come In With The Rain', '11/11/2008', 'spotify:track:4pl5zcqCv4vc3cB7M4MZ6f')
('Come In With The Rain (Taylor’s Version)', '09/04/2021', 'spotify:track:1n2wszmJyVkw6FHqyLnQsY')
('Cornelia Street', '23/08/2019', 'spotify:track:12M5uqx0ZuwkpLp5rJim1a')
('Cruel Summer', '23/08/2019', 'spotify:track:1BxfuPKGuaTgP7aM0Bbdwr')
('Dancing With Our Hands Tied', '10/11/2017', 'spotify:track:7I7JbDv63ZJJsSi24DyJrz')
('Daylight', '23/08/2019', 'spotify:track:1fzAuUVbzlhZ1lJAx9PtY6')
('Dear John', '25/10/2010', 'spotify:track:1ubvV5ECkm6nSI6g1HmbBK')
('Dear John', '25/10/2010', 'spotify:track:7hZuICN5eaCuQyp443RCt6')
('Dear John (Taylor`s Version)', '07/07/2023', 'spotify:track:1zU8j1x3yi9xalMF96pzKp')
('Dear John - Live/2011', '25/10/2010', 'spotify:track:4DbI1rr4IQ2bc8nejy9ttd')
('Dear Reader', '26/05/2023', 'spotify:track:10GRRCR5fctuOF4GFmATJI')
('Dear Reader', '22/10/2022', 'spotify:track:3QF5RsWzK1lCvf2o2cY65P')
('Death By A Thousand Cuts', '23/08/2019', 'spotify:track:2dgFqt3w9xIQRjhPtwNk3D')
('Delicate', '10/11/2017', 'spotify:track:6NFyWDv5CjfwuzoCkw47Xf')
('Don’t Blame Me', '10/11/2017', 'spotify:track:1R0a2iXumgCiFb7HEZ7gUE')
('Don’t You (Taylor’s Version) (From The Vault)', '09/04/2021', 'spotify:track:4uuEGH5SVuzkkSFjo2DEiY')
('Dress', '10/11/2017', 'spotify:track:6oVxXO5oQ4pTpO8RSnkzvv')
('Drops Of Jupiter - Live/2011', '25/10/2010', 'spotify:track:0BSmbCIY36iw04azzJ3S0S')
('Electric Touch (feat. Fall Out Boy) (Taylor’s Version) (From The Vault)', '07/07/2023', 'spotify:track:4e3ZNTAV6PCrdYMUrUlMpQ')
('Enchanted', '09/11/2017', 'spotify:track:5lg33MHs1BoUtJVClw8ZpI')
('Enchanted', '25/10/2010', 'spotify:track:14LtANuaslKWyYbktUrHBU')
('Enchanted', '25/10/2010', 'spotify:track:10eBRyImhfqVvkiVEGf0N0')
('Enchanted (Taylor`s Version)', '07/07/2023', 'spotify:track:3sW3oSbzsfecv9XoUdGs7h')
('Enchanted - Live/2011', '25/10/2010', 'spotify:track:3lm4L3pPL32PFy74dR17OR')
('End Game', '10/11/2017', 'spotify:track:2x0WlnmfG39ZuDmstl9xfX')
('Everything Has Changed', '22/10/2012', 'spotify:track:7gdwoOmi258QJq0hmQ4hto')
('Everything Has Changed', '22/10/2012', 'spotify:track:4NAmRvqSITAAzKWnC8yRq3')
('Everything Has Changed (feat. Ed Sheeran) (Taylor’s Version)', '12/11/2021', 'spotify:track:7qEUFOVcxRI19tbT68JcYK')
('False God', '23/08/2019', 'spotify:track:5hQSXkFgbxjZo9uCwd11so')
('Fearless', '09/11/2017', 'spotify:track:43sE2O3skbGBpT2tO6fzv9')
('Fearless', '11/11/2008', 'spotify:track:3F6czr26ZwGU5O5CHY04Ma')
('Fearless', '11/11/2008', 'spotify:track:6Eu31gddWw0gOGO506pJYA')
('Fearless (Taylor’s Version)', '09/04/2021', 'spotify:track:77sMIMlNaSURUAXq5coCxE')
('Fearless - Live From Clear Channel Stripped 2008', '28/06/2008', 'spotify:track:5g7RMU3cV7zXWH244BLe7G')
('Fifteen', '09/11/2017', 'spotify:track:0H2UD0LfSCiRr59YMGlCuS')
('Fifteen', '11/11/2008', 'spotify:track:3M0w3fhdXByHLCNAoi5c9G')
('Fifteen', '11/11/2008', 'spotify:track:4t0OI7XrODjSkAu3bTPmWj')
('Fifteen (Taylor’s Version)', '09/04/2021', 'spotify:track:2nqio0SfWg6gh2eCtfuMa5')
('Foolish One (Taylor’s Version) (From The Vault)', '07/07/2023', 'spotify:track:4s8BIKx4Zh6ryAEz8RTlaU')
('Forever & Always', '09/11/2017', 'spotify:track:0QCS4NpURHvWdF1icdkfBw')
('Forever & Always', '11/11/2008', 'spotify:track:1zxrcAk6eiytfavqriMcKT')
('Forever & Always', '11/11/2008', 'spotify:track:47HtKpfzpAt8rQjjXWotFj')
('Forever & Always (Piano Version) (Taylor’s Version)', '09/04/2021', 'spotify:track:01QdEx6kFr78ZejhQtWR5m')
('Forever & Always (Taylor’s Version)', '09/04/2021', 'spotify:track:1msEuwSBneBKpVCZQcFTsU')
('Forever & Always - Piano Version', '11/11/2008', 'spotify:track:46HGgtwmmuEB8mvDCyjyAc')
('Forever Winter (Taylor`s Version) (From The Vault)', '12/11/2021', 'spotify:track:3oGVx9RBmiYGv5ZCecWLkx')
('Getaway Car', '10/11/2017', 'spotify:track:0VE4kBnHJUgtMf0dy6DRmW')
('Girl At Home', '22/10/2012', 'spotify:track:6cf6rLb8qcklvJv90W6HCW')
('Girl At Home (Taylor`s Version)', '12/11/2021', 'spotify:track:0DMVrlMUn01M0IcpDbwgu7')
('Glitch', '26/05/2023', 'spotify:track:7C0w28EsX0Um2FrZs9gso2')
('Glitch', '22/10/2022', 'spotify:track:6wAFvJPpTZVirBKGZ4EnMW')
('Gorgeous', '10/11/2017', 'spotify:track:1ZY1PqizIl78geGM4xWlEA')
('Haunted', '09/11/2017', 'spotify:track:6CB7DczrX9ZJB9Wkjegmaq')
('Haunted', '25/10/2010', 'spotify:track:11UaQaEp2LvdspTyyuE3ur')
('Haunted', '25/10/2010', 'spotify:track:28M2gifMU282QBM3fKajIS')
('Haunted (Taylor`s Version)', '07/07/2023', 'spotify:track:4tMzIAFTFdqGBQLdfbPces')
('Haunted - Acoustic Version', '25/10/2010', 'spotify:track:62rlxI6g2PNaWsHoiRryto')
('Haunted - Live/2011', '25/10/2010', 'spotify:track:6znB7YZhMJT2B83zfbiyLq')
('Hey Stephen', '09/11/2017', 'spotify:track:0TYJbIHBtmWy9ugtU9BcbE')
('Hey Stephen', '11/11/2008', 'spotify:track:6wcFdMmiDscAhZJrcVFumx')
('Hey Stephen', '11/11/2008', 'spotify:track:4WXzzCof26KJLTK5kK53dS')
('Hey Stephen (Taylor’s Version)', '09/04/2021', 'spotify:track:550erGcdD9n6PnwxrvYqZT')
('High Infidelity', '26/05/2023', 'spotify:track:1SztNGCwEHJEVFx90E5g7D')
('High Infidelity', '22/10/2022', 'spotify:track:5kiZGSxgqPdv6rbqL9THdd')
('Hits Different', '26/05/2023', 'spotify:track:3xYJScVfxByb61dYHTwiby')
('Holy Ground', '09/11/2017', 'spotify:track:4hCZk6WJBFQeG3P7WsyntI')
('Holy Ground', '22/10/2012', 'spotify:track:5d2Kn9oAAh9S2EbyCo1i52')
('Holy Ground', '22/10/2012', 'spotify:track:1fGsZsIkQkOspfsT24nQP6')
('Holy Ground (Taylor`s Version)', '12/11/2021', 'spotify:track:7J4b3LVCIGO4CMBDFLPoP6')
('How You Get The Girl', '09/11/2017', 'spotify:track:3aSYZ4upQ6OSNos26YeVWL')
('How You Get The Girl', '27/10/2014', 'spotify:track:6wfugRLamFsTRbPcCpNnP7')
('How You Get The Girl', '27/10/2014', 'spotify:track:4dYUOfmWna6DFccnz732n8')
('How You Get The Girl (Taylor`s Version)', '27/10/2023', 'spotify:track:733OhaXQIHY7BKtY3vnSkn')
('How You Get The Girl (Taylor`s Version)', '26/10/2023', 'spotify:track:75W3SngKzTuoQ94uLf3y82')
('I Almost Do', '22/10/2012', 'spotify:track:31pEV5lPJi7btskZoUr2yu')
('I Almost Do', '22/10/2012', 'spotify:track:5VwFkx7JOimOGTYfha5rs1')
('I Almost Do (Taylor`s Version)', '12/11/2021', 'spotify:track:2r9CbjYgFhtAmcFv1cSquB')
('I Bet You Think About Me (feat. Chris Stapleton) (Taylor’s Version) (From The Vault)', '12/11/2021', 'spotify:track:4CkgMiMqZ5JzW9iYXSTMTL')
('I Can See You (Taylor’s Version) (From The Vault)', '07/07/2023', 'spotify:track:5kHMfzgLZP95O9NBy0ku4v')
('I Did Something Bad', '10/11/2017', 'spotify:track:4svZDCRz4cJoneBpjpx8DJ')
('I Don’t Wanna Live Forever (Fifty Shades Darker)', '09/11/2017', 'spotify:track:55n9yjI6qqXh5F2mYvUc2y')
('I Forgot That You Existed', '23/08/2019', 'spotify:track:43rA71bccXFGD4C8GOpIlN')
('I Knew You Were Trouble (Taylor`s Version)', '12/11/2021', 'spotify:track:6AtZLIzUINvExIUy4QhdjP')
('I Knew You Were Trouble.', '09/11/2017', 'spotify:track:2o2IVjuqRkR9hJxtPjtAP0')
('I Knew You Were Trouble.', '22/10/2012', 'spotify:track:0ciHz919LVKoH4zgxyMPZ9')
('I Knew You Were Trouble.', '22/10/2012', 'spotify:track:72jCZdH0Lhg93z6Z4hBjgj')
('I Know Places', '09/11/2017', 'spotify:track:3qGLcmO0XnnrcpAQGZwTvA')
('I Know Places', '27/10/2014', 'spotify:track:2zfgVd034GlUvk7LqBHl6u')
('I Know Places', '27/10/2014', 'spotify:track:3jBMHD19RZdAqG9iFQh7xc')
('I Know Places (Taylor`s Version)', '27/10/2023', 'spotify:track:1ULabO0PEsdJekqVH6G10G')
('I Know Places (Taylor`s Version)', '26/10/2023', 'spotify:track:2f0GI2ZLUtbGqFx8t2Gk6A')
('I Know Places - Voice Memo', '27/10/2014', 'spotify:track:4JQm7ebhsrt10wmrP6AfXL')
('I Think He Knows', '23/08/2019', 'spotify:track:2YWtcWi3a83pdEg3Gif4Pd')
('I Want You Back - Live/2011', '25/10/2010', 'spotify:track:4KB3zBArZ1rHRExilzycaV')
('I Wish You Would', '27/10/2014', 'spotify:track:1B5VzXPqMlvRw0U4HJY3dJ')
('I Wish You Would', '27/10/2014', 'spotify:track:3wmN11qXGL0HyPojvEE1D9')
('I Wish You Would (Taylor`s Version)', '27/10/2023', 'spotify:track:3FxJDucHWdw6caWTKO5b23')
('I Wish You Would (Taylor`s Version)', '26/10/2023', 'spotify:track:43y1WpBdnEy5TR9aZoSQL9')
('I Wish You Would - Voice Memo', '27/10/2014', 'spotify:track:4TtyvyI42C0KFnbDZvNC8Y')
('I`m Only Me When I`m With You', '09/11/2017', 'spotify:track:6Py8IKZqDyU8aQVrjilbJw')
('I`m Only Me When I`m With You', '24/10/2006', 'spotify:track:0JIdBrXGSJXS72zjF9ss9u')
('If This Was A Movie', '25/10/2010', 'spotify:track:0vvt4IZOMkRug195S4MUq0')
('Innocent', '25/10/2010', 'spotify:track:3kfgJql90tzgoxByioAMXR')
('Innocent', '25/10/2010', 'spotify:track:5GPwN5iZ9ZMSXAkppj4Uvv')
('Innocent (Taylor`s Version)', '07/07/2023', 'spotify:track:12nBPF4Rh4XLFJV0YLN7uj')
('Invisible', '09/11/2017', 'spotify:track:0kqC185OTcnuhbz4T7g5RB')
('Invisible', '24/10/2006', 'spotify:track:5OOd01o2YS1QFwdpVLds3r')
('Is It Over Now? (Taylor`s Version) (From The Vault)', '27/10/2023', 'spotify:track:6IG3sQ8s9nfk6TUlVzRhbN')
('Is It Over Now? (Taylor`s Version) (From The Vault)', '26/10/2023', 'spotify:track:1Iq8oo9XkmmvCQiGOfORiz')
('It’s Nice To Have A Friend', '23/08/2019', 'spotify:track:1SmiQ65iSAbPto6gPFlBYm')
('Jump Then Fall', '09/11/2017', 'spotify:track:5zytSTR2g0I9psX2Z12ex6')
('Jump Then Fall', '11/11/2008', 'spotify:track:08gavXombT6KR0af88i9tA')
('Jump Then Fall (Taylor’s Version)', '09/04/2021', 'spotify:track:2m3ObD945KvpE5y9A1eUWm')
('Karma', '26/05/2023', 'spotify:track:45R112Jz5hQeKgITXgSXzs')
('Karma', '22/10/2022', 'spotify:track:5oqDgw5VGBln5dSIOPWyBq')
('Karma', '21/10/2022', 'spotify:track:7KokYm8cMIXCsGVmUvKtqf')
('Karma (feat. Ice Spice)', '26/05/2023', 'spotify:track:4i6cwNY6oIUU2XZxPIw82Y')
('King Of My Heart', '10/11/2017', 'spotify:track:7HuBDWi18s4aJM8UFnNheH')
('Labyrinth', '26/05/2023', 'spotify:track:4bBDkw2KBMX0tcgAaXC83Q')
('Labyrinth', '22/10/2022', 'spotify:track:43q586vP8gGkYypKoSddhl')
('Labyrinth', '21/10/2022', 'spotify:track:0A1JLUlkZkp2EFrosoNQi0')
('Last Kiss', '25/10/2010', 'spotify:track:1D27z8xNzjW0Mwwt1NCWhJ')
('Last Kiss', '25/10/2010', 'spotify:track:4h0EXpatqJImv4VRgvX6po')
('Last Kiss (Taylor`s Version)', '07/07/2023', 'spotify:track:59KOoHFcw5XfICnO57holu')
('Last Kiss - Live/2011', '25/10/2010', 'spotify:track:6hH37tyeRdyan1mAppmVor')
('Lavender Haze', '26/05/2023', 'spotify:track:24emu3sabKISjRkrys28jq')
('Lavender Haze', '22/10/2022', 'spotify:track:4g2c7NoTWAOSYDy44l9nub')
('Lavender Haze', '21/10/2022', 'spotify:track:5jQI2r1RdgtuT8S3iG8zFC')
('London Boy', '23/08/2019', 'spotify:track:1LLXZFeAHK9R4xUramtUKw')
('Long Live', '25/10/2010', 'spotify:track:7DjCRhhFo9PPzca1BjMLcf')
('Long Live', '25/10/2010', 'spotify:track:6XDBA3QWX51lDJ0oZbaJJN')
('Long Live (Taylor`s Version)', '07/07/2023', 'spotify:track:4hqJ4bSlYJOXb6Z4SRmzxs')
('Long Live - Live/2011', '25/10/2010', 'spotify:track:5QkzyLUb4ggojNDp8G2OxX')
('Look What You Made Me Do', '10/11/2017', 'spotify:track:1P17dC1amhFzptugyAO7Il')
('Love Story', '11/11/2008', 'spotify:track:0kN3oXYWWAk1uC0y2WoyOE')
('Love Story', '11/11/2008', 'spotify:track:1vrd6UOGamcKNGnSHJQlSt')
('Love Story (Taylor’s Version)', '09/04/2021', 'spotify:track:6YvqWjhGD8mB5QXcbcUKtx')
('Love Story - Live From Clear Channel Stripped 2008', '28/06/2008', 'spotify:track:4RBKAqJ3qyvvriDG0s9IJ3')
('Lover', '23/08/2019', 'spotify:track:1dGr1c8CrMLDpV6mPbImSI')
('ME! (feat. Brendon Urie of Panic! At The Disco)', '23/08/2019', 'spotify:track:2Rk4JlNc2TPmZe2af99d45')
('Maroon', '26/05/2023', 'spotify:track:6qxvy9Pe4RJIq5JBVbbwbS')
('Maroon', '22/10/2022', 'spotify:track:199E1RRrVmVTQqBXih5qRC')
('Maroon', '21/10/2022', 'spotify:track:3eX0NZfLtGzoLUxPNvRfqm')
('Mary`s Song (Oh My My My)', '24/10/2006', 'spotify:track:2QrQCMel6v2JiLxqrg4p2O')
('Mastermind', '26/05/2023', 'spotify:track:1QQii3pa5m8MEda0nbkjfw')
('Mastermind', '22/10/2022', 'spotify:track:56hioFjQ0DXrdn04hZcFgG')
('Mastermind', '21/10/2022', 'spotify:track:7FmYn9e7KHMXcxqGSj9LjH')
('Mean', '09/11/2017', 'spotify:track:5rcHBt2aNcGFWW0jaAUe1L')
('Mean', '25/10/2010', 'spotify:track:4N60XfcTE1ysLZGbYgnYXq')
('Mean', '25/10/2010', 'spotify:track:5yEPktRqvIhko5QFF3aBhQ')
('Mean (Taylor`s Version)', '07/07/2023', 'spotify:track:30Y4CV7A6YqtQtTTo7Ue4j')
('Mean - Live/2011', '25/10/2010', 'spotify:track:7mFiEij8AXPUZB7aKLbUlQ')
('Message In A Bottle (Taylor`s Version) (From The Vault)', '12/11/2021', 'spotify:track:3z6XUommYDWPHeFhmhhT6j')
('Midnight Rain', '26/05/2023', 'spotify:track:4eKMqf9ZMSclDX7V9Ptg7x')
('Midnight Rain', '22/10/2022', 'spotify:track:6Nl7KyvjkFncGsjB49SxLl')
('Midnight Rain', '21/10/2022', 'spotify:track:3rWDp9tBPQR9z6U5YyRSK4')
('Mine', '09/11/2017', 'spotify:track:6FmJKLpyCt42nP2IOVEVc2')
('Mine', '25/10/2010', 'spotify:track:6LZaxlycSWrJZ4Volb25qx')
('Mine', '25/10/2010', 'spotify:track:0dBW6ZsW8skfvoRfgeerBF')
('Mine (Taylor`s Version)', '07/07/2023', 'spotify:track:7G0gBu6nLdhFDPRLc0HdDG')
('Mine - Live/2011', '25/10/2010', 'spotify:track:7yndkPYP6YQQLBpPsizDfh')
('Mine - POP Mix', '25/10/2010', 'spotify:track:0fAbfDiuQiUwV7FUcFfRGY')
('Miss Americana & The Heartbreak Prince', '23/08/2019', 'spotify:track:214nt20w5wOxJnY462klLw')
('Mr. Perfectly Fine (Taylor’s Version) (From The Vault)', '09/04/2021', 'spotify:track:2CYVETnhM9aytqrazYYwrK')
('Never Grow Up', '09/11/2017', 'spotify:track:1UPDfqsVIZLEiZeMuUsni2')
('Never Grow Up', '25/10/2010', 'spotify:track:74WBGgUnpKrJXt6TETfR6Z')
('Never Grow Up', '25/10/2010', 'spotify:track:1wJL1A0QUHJPf2cm7tsrdw')
('Never Grow Up (Taylor`s Version)', '07/07/2023', 'spotify:track:2EFZ9emtKWEglWUQGEQ3P9')
('New Romantics', '27/10/2014', 'spotify:track:6rZVy6FIG7lSJQMFXHo12z')
('New Romantics (Taylor`s Version)', '27/10/2023', 'spotify:track:5M787RexsAiVYjQusM98CV')
('New Romantics (Taylor`s Version)', '26/10/2023', 'spotify:track:2vPMoMDXxu9uX1igWZmXSG')
('New Year’s Day', '10/11/2017', 'spotify:track:7F5oktn5YOsR9eR5YsFtqb')
('Nothing New (feat. Phoebe Bridgers) (Taylor’s Version) (From The Vault)', '12/11/2021', 'spotify:track:01K4zKU104LyJ8gMb7227B')
('Now That We Don`t Talk (Taylor`s Version) (From The Vault)', '27/10/2023', 'spotify:track:5QUIK7ZtziW8kGWo8RqopF')
('Now That We Don`t Talk (Taylor`s Version) (From The Vault)', '26/10/2023', 'spotify:track:5KD6AEm19QnMbfWpfoOHMl')
('Our Song', '09/11/2017', 'spotify:track:7qGr3rjRhndRIpFUA5f2HJ')
('Our Song', '24/10/2006', 'spotify:track:15DeqWWQB4dcEWzJg15VrN')
('Ours', '09/11/2017', 'spotify:track:0V3SNHDka1JSCP71HAzpxw')
('Ours', '25/10/2010', 'spotify:track:1EQn3Uc5AyUXoiPLeyCrrg')
('Ours (Taylor’s Version)', '07/07/2023', 'spotify:track:3yNJkriPzWjkkDAWHIAVUq')
('Ours - Live/2011', '25/10/2010', 'spotify:track:68QyrSzpnoU04AAhE5z8lj')
('Out Of The Woods', '09/11/2017', 'spotify:track:0GmfiNHSgkKamYgQEMYOH3')
('Out Of The Woods', '27/10/2014', 'spotify:track:6Nde5KuTXyB7jlPO4upaBo')
('Out Of The Woods', '27/10/2014', 'spotify:track:5OndtwLGA9O6XHFcGm2H7r')
('Out Of The Woods (Taylor`s Version)', '27/10/2023', 'spotify:track:1OcSfkeCg9hRC2sFKB4IMJ')
('Out Of The Woods (Taylor`s Version)', '26/10/2023', 'spotify:track:045ZeOHPIzhxxsm8bq5kyE')
('Paper Rings', '23/08/2019', 'spotify:track:4y5bvROuBDPr5fuwXbIBZR')
('Paris', '26/05/2023', 'spotify:track:5tWxKWq1DSP1s9WQ5PWuqu')
('Paris', '22/10/2022', 'spotify:track:7712gjoih4QoDbXpljEk21')
('Picture To Burn', '24/10/2006', 'spotify:track:32mVHdy0bi1XKgr0ajsBlG')
('Picture To Burn - Live From Clear Channel Stripped 2008', '28/06/2008', 'spotify:track:7EvU9pRoJ9Xs7anx0P7tEc')
('Question...?', '26/05/2023', 'spotify:track:7oomkQSYf1ia2VnVEWfFIU')
('Question...?', '22/10/2022', 'spotify:track:6C7OF1Jal7YkyjzyUG8vkK')
('Question...?', '21/10/2022', 'spotify:track:0heeNYlwOGuUSe7TgUD27B')
('Red', '09/11/2017', 'spotify:track:4V9NuhKQcUFt4cgbynHV79')
('Red', '22/10/2012', 'spotify:track:1RvQQGwaPipiNgz8RXAKA8')
('Red', '22/10/2012', 'spotify:track:0cITLOYn1Sv4q27zZPqlNK')
('Red (Taylor`s Version)', '12/11/2021', 'spotify:track:4OAuvHryIVv4kMDNSLuPt6')
('Red - Original Demo Recording', '22/10/2012', 'spotify:track:4mqgn90sCeVSYqcoftTQTd')
('Ronan (Taylor`s Version)', '12/11/2021', 'spotify:track:7nWui6jiMM2m9qFmET1Mtj')
('Run (feat. Ed Sheeran) (Taylor’s Version) (From The Vault)', '12/11/2021', 'spotify:track:4IQkfUsrwXol38VV3U7t7T')
('Sad Beautiful Tragic', '22/10/2012', 'spotify:track:5QKhg4r4Ibt0LVTmWEXTEg')
('Sad Beautiful Tragic', '22/10/2012', 'spotify:track:6LKjHhOW1az75pCQ9XJJtF')
('Sad Beautiful Tragic (Taylor`s Version)', '12/11/2021', 'spotify:track:73qMN9bXy7MSPwwGfH3wQr')
('Say Don`t Go (Taylor`s Version) (From The Vault)', '27/10/2023', 'spotify:track:3CCRVu4F91Qp2mnGjmWBrf')
('Say Don`t Go (Taylor`s Version) (From The Vault)', '26/10/2023', 'spotify:track:4NioO5R9sHEZh4cGzMHyNt')
('Shake It Off', '27/10/2014', 'spotify:track:3fthfkkvy9av3q3uAGVf7U')
('Shake It Off', '27/10/2014', 'spotify:track:5xTtaWoae3wi06K5WfVUUH')
('Shake It Off (Taylor`s Version)', '27/10/2023', 'spotify:track:50yNTF0Od55qnHLxYsA5Pw')
('Shake It Off (Taylor`s Version)', '26/10/2023', 'spotify:track:3pv7Q5v2dpdefwdWIvE7yH')
('Should`ve Said No', '24/10/2006', 'spotify:track:16MVSD0mGI4RMQT83Qzm69')
('Should`ve Said No - Live From Clear Channel Stripped 2008', '28/06/2008', 'spotify:track:5a9hUL6ZuiagZhazwrtwHF')
('Snow On The Beach (feat. Lana Del Rey)', '26/05/2023', 'spotify:track:7GA86Uo2jYbj8vIXe2nyWd')
('Snow On The Beach (feat. Lana Del Rey)', '22/10/2022', 'spotify:track:6ADDIJxxqzM9LMpm78yzQG')
('Snow On The Beach (feat. Lana Del Rey)', '21/10/2022', 'spotify:track:1wtOxkiel43cVs0Yux5Q4h')
('Snow On The Beach (feat. More Lana Del Rey)', '26/05/2023', 'spotify:track:4zmKGsrXjLmljb5fTaBTot')
('So It Goes...', '10/11/2017', 'spotify:track:5PxFv9yJEg9dxvbZggykro')
('So It Goes...', '09/11/2017', 'spotify:track:41T04yafZVrjNq2FqvLtId')
('Soon You’ll Get Better (feat. The Chicks)', '23/08/2019', 'spotify:track:4AYtqFyFbX0Xkc2wtcygTr')
('Sparks Fly', '09/11/2017', 'spotify:track:5h2sBwpUSAndjObfU3ti2r')
('Sparks Fly', '25/10/2010', 'spotify:track:1q8E1FfFuhd12c5JcJwPxQ')
('Sparks Fly', '25/10/2010', 'spotify:track:6d9IiDcFxtFVIvt9pCqyGH')
('Sparks Fly (Taylor’s Version)', '07/07/2023', 'spotify:track:3MytWN8L7shNYzGl4tAKRp')
('Sparks Fly - Live/2011', '25/10/2010', 'spotify:track:1aBJNc2thaKyh5THWzIqHX')
('Speak Now', '09/11/2017', 'spotify:track:1XLc4irbX7oQSneh6gWv3O')
('Speak Now', '25/10/2010', 'spotify:track:1nYWTzy5zu3zEPNgB1sItW')
('Speak Now', '25/10/2010', 'spotify:track:24DefNCFiWTP8OjYWiXuYe')
('Speak Now (Taylor`s Version)', '07/07/2023', 'spotify:track:5xXqyjLicvEpch72qEryFT')
('Speak Now - Live/2011', '25/10/2010', 'spotify:track:3QFB14MOUf3imlyISNmrbT')
('Starlight', '09/11/2017', 'spotify:track:7txpzmA69zyk50K3ZyZSzC')
('Starlight', '22/10/2012', 'spotify:track:0vqI4ZIMuifeKeItGiWbPj')
('Starlight', '22/10/2012', 'spotify:track:7MecVsMj22MneZt7kVFaCr')
('Starlight (Taylor`s Version)', '12/11/2021', 'spotify:track:7A2cNLRT0YJc1yjxHlKihs')
('State Of Grace', '09/11/2017', 'spotify:track:0YRGTdfmJPALpglAaraYUr')
('State Of Grace', '22/10/2012', 'spotify:track:5zyCYmiaVE5y26EZuwZbsw')
('State Of Grace', '22/10/2012', 'spotify:track:786NsUYn4GGUf8AOt0SQhP')
('State Of Grace (Acoustic Version) (Taylor`s Version)', '12/11/2021', 'spotify:track:5jAIouBES8LWMiriuNq170')
('State Of Grace (Taylor`s Version)', '12/11/2021', 'spotify:track:6lzc0Al0zfZOIFsFvBS1ki')
('State Of Grace - Acoustic', '22/10/2012', 'spotify:track:5G9AVKld9q7DCrmoY42raf')
('Stay Beautiful', '24/10/2006', 'spotify:track:2ZoOmCSgj0ypVAmGd1ve4y')
('Stay Stay Stay', '22/10/2012', 'spotify:track:1x0J8LFX23d5h1zzuzZorc')
('Stay Stay Stay', '22/10/2012', 'spotify:track:1qLeEu4iXEclkLwoBlMiou')
('Stay Stay Stay (Taylor`s Version)', '12/11/2021', 'spotify:track:7eQj6r5PIdYKEIZjucBMcq')
('Style', '27/10/2014', 'spotify:track:1fo2ctLqj3zBhRQKOXprol')
('Style', '27/10/2014', 'spotify:track:4lIxdJw6W3Fg4vUIYCB0S5')
('Style (Taylor`s Version)', '27/10/2023', 'spotify:track:3Vpk1hfMAQme8VJ0SNRSkd')
('Style (Taylor`s Version)', '26/10/2023', 'spotify:track:1hjRhYpWyqDpPahmSlUTlc')
('Suburban Legends (Taylor`s Version) (From The Vault)', '27/10/2023', 'spotify:track:6M9ppdfFjR1AbpUl3Y8DcV')
('Suburban Legends (Taylor`s Version) (From The Vault)', '26/10/2023', 'spotify:track:6T0sEnqjmHISIKwFETeeiP')
('SuperStar', '11/11/2008', 'spotify:track:14Bljc3pOOG0xQX3wqhLN9')
('Superman', '25/10/2010', 'spotify:track:2R7C9dDqv1UPycvepBFziA')
('Superman (Taylor’s Version)', '07/07/2023', 'spotify:track:4evLyY5Ue1Wesc61t2KXAU')
('Superstar (Taylor’s Version)', '09/04/2021', 'spotify:track:51A8eKvvZz9uydvIZ7xRSV')
('Sweet Nothing', '26/05/2023', 'spotify:track:2L09RYwH5Pjzca6PmbUAw3')
('Sweet Nothing', '22/10/2022', 'spotify:track:3zmwONxswBAzGwExPugSLN')
('Sweet Nothing', '21/10/2022', 'spotify:track:0wavGRldH0AWyu2zvTz8zb')
('Teardrops On My Guitar - Live From Clear Channel Stripped 2008', '28/06/2008', 'spotify:track:4DjevQhsPWULcondN4mRh5')
('Teardrops On My Guitar - Radio Single Remix', '09/11/2017', 'spotify:track:7eGeUVeCEvEQrivmjl9Qn3')
('Teardrops On My Guitar - Radio Single Remix', '24/10/2006', 'spotify:track:7zMcNqs55Mxer82bvZFkpg')
('Teardrops on My Guitar - Pop Version', '24/10/2006', 'spotify:track:4pJi1rVt9GNegU9kywjg4z')
('Tell Me Why', '11/11/2008', 'spotify:track:4XrP7vKBjKLEYlRZdb0Ygr')
('Tell Me Why', '11/11/2008', 'spotify:track:3rnI1UCyGJvUTVvT97VQr5')
('Tell Me Why (Taylor’s Version)', '09/04/2021', 'spotify:track:0k0vFacOHNuArLWMiH60p7')
('That’s When (feat. Keith Urban) (Taylor’s Version) (From The Vault)', '09/04/2021', 'spotify:track:7eResoqEJJAVTkQYSqvO3P')
('The Archer', '23/08/2019', 'spotify:track:3pHkh7d0lzM2AldUtz2x37')
('The Best Day', '09/11/2017', 'spotify:track:7APTsjmZbj7TFXQJAiRti4')
('The Best Day', '11/11/2008', 'spotify:track:5YbZZ2gYfvW1UvHHF4pVaD')
('The Best Day', '11/11/2008', 'spotify:track:3esA216TyLHEkNiBCeCmcg')
('The Best Day (Taylor’s Version)', '09/04/2021', 'spotify:track:6ON9UuIq49xXY9GPmHIYRp')
('The Great War', '26/05/2023', 'spotify:track:2VuqMjgoKaOHNM8HpxtXKx')
('The Great War', '22/10/2022', 'spotify:track:3UMrglJeju5yWyYIW6o99b')
('The Last Time', '22/10/2012', 'spotify:track:7vvIpJZye5cRR6De1LKM0m')
('The Last Time', '22/10/2012', 'spotify:track:3n9mzjgAzjyKawvbHzciXF')
('The Last Time (feat. Gary Lightbody of Snow Patrol) (Taylor’s Version)', '12/11/2021', 'spotify:track:0y6kdSRCVQhSsHSpWvTUm7')
('The Lucky One', '09/11/2017', 'spotify:track:24ksPWXKg1k7OOG57pufED')
('The Lucky One', '22/10/2012', 'spotify:track:2wtHlpYSgC7xEdD3DrSHNL')
('The Lucky One', '22/10/2012', 'spotify:track:2X2J0BhxaLTmnxO4pPUhSd')
('The Lucky One (Taylor`s Version)', '12/11/2021', 'spotify:track:4e5ayHsOLJNLTGfjau2mEw')
('The Man', '23/08/2019', 'spotify:track:3RauEVgRgj1IuWdJ9fDs70')
('The Moment I Knew', '22/10/2012', 'spotify:track:5AsmAjBSSQjRPWgAYIp8tm')
('The Moment I Knew (Taylor`s Version)', '12/11/2021', 'spotify:track:0NRHj8hDwwmSPaA41o379r')
('The Other Side Of The Door', '11/11/2008', 'spotify:track:0xvsgzM8AtBtRHZm5rav8A')
('The Other Side Of The Door (Taylor’s Version)', '09/04/2021', 'spotify:track:1cSFlSBdpT4F5vb1frQ231')
('The Outside', '24/10/2006', 'spotify:track:2QA3IixpRcKyOdG7XDzRgv')
('The Story Of Us', '09/11/2017', 'spotify:track:2fF3QzbGCrtrDXIdWcg1mv')
('The Story Of Us', '25/10/2010', 'spotify:track:19tHCfzUSoy5HkpxcmbA0A')
('The Story Of Us', '25/10/2010', 'spotify:track:3RBluWmSoG2pGA1OePzGJI')
('The Story Of Us (Taylor`s Version)', '07/07/2023', 'spotify:track:6dTA6y0C2ReQklntzZl8l3')
('The Story Of Us - Live', '25/10/2010', 'spotify:track:72GIZuUXo14oyrS0si3Rgc')
('The Very First Night (Taylor`s Version) (From The Vault)', '12/11/2021', 'spotify:track:6pYNq0ZwpPVazKzsqpf0G8')
('The Way I Loved You', '11/11/2008', 'spotify:track:77VotUUL79U10TAnYdqwvr')
('The Way I Loved You', '11/11/2008', 'spotify:track:5P4wWhUYWM0IaVYLuZxdar')
('The Way I Loved You (Taylor’s Version)', '09/04/2021', 'spotify:track:22bPsP2jCgbLUvh82U0Z3M')
('This Is Why We Can`t Have Nice Things', '10/11/2017', 'spotify:track:07NxDD1iKCHbAldceD7QLP')
('This Love', '09/11/2017', 'spotify:track:64KRxmbqypPBlya4nxFmDn')
('This Love', '27/10/2014', 'spotify:track:1kTPQnabROVkW9bUXdCGrB')
('This Love', '27/10/2014', 'spotify:track:3oKMl2tJv4fdidkXUYMI5x')
('This Love (Taylor’s Version)', '27/10/2023', 'spotify:track:4WBEj8TeGtRPNJdOmT3WJW')
('This Love (Taylor’s Version)', '26/10/2023', 'spotify:track:5QVVjX0ZItqlVpEuVCM9Yg')
('Tied Together with a Smile', '09/11/2017', 'spotify:track:4qNEi8zGIYLiMtoW8OaJdx')
('Tied Together with a Smile', '24/10/2006', 'spotify:track:6K0CJLVXqbGMeJSmJ4ENKK')
('Tim McGraw', '24/10/2006', 'spotify:track:0Om9WAB5RS09L80DyOfTNa')
('Timeless (Taylor’s Version) (From The Vault)', '07/07/2023', 'spotify:track:1HCdems7PQZRj42QDWLA0A')
('Today Was A Fairytale (Taylor’s Version)', '09/04/2021', 'spotify:track:2JoJrsEV15OzbijS47lids')
('Treacherous', '09/11/2017', 'spotify:track:0r3U7SOcoj4DIEyN44Lt5z')
('Treacherous', '22/10/2012', 'spotify:track:0XfOV7qY3834QpFVwOb6CC')
('Treacherous', '22/10/2012', 'spotify:track:5kYFVSQoPu7yRpfiHBwMUk')
('Treacherous (Taylor`s Version)', '12/11/2021', 'spotify:track:3S7HNKPakdwNEBFIVTL6dZ')
('Treacherous - Original Demo Recording', '22/10/2012', 'spotify:track:7BT9K9BDqq6HI2oWH5UMZQ')
('Untouchable', '11/11/2008', 'spotify:track:2IZ00ed83ygPIiacYScWUE')
('Untouchable (Taylor’s Version)', '09/04/2021', 'spotify:track:0tQ9vBYpldCuikPsbgOVKA')
('Untouchable - Live From Clear Channel Stripped 2008', '28/06/2008', 'spotify:track:4MbHDiHQjhmoVAV75G04Ql')
('Vigilante Shit', '26/05/2023', 'spotify:track:0GKDhq6ZbmSbRHd3eyGlB7')
('Vigilante Shit', '22/10/2022', 'spotify:track:5yeuXkukVGuix3vmLu2BPJ')
('Vigilante Shit', '21/10/2022', 'spotify:track:1xwAWUI6Dj0WGC3KiUPN0O')
('We Are Never Ever Getting Back Together', '22/10/2012', 'spotify:track:1OYARuagDrpgNNQ4loO1Cs')
('We Are Never Ever Getting Back Together', '22/10/2012', 'spotify:track:7AEAGTc8cReDqcbPoY9gwo')
('We Are Never Ever Getting Back Together (Taylor`s Version)', '12/11/2021', 'spotify:track:5YqltLsjdqFtvqE7Nrysvs')
('We Were Happy (Taylor’s Version) (From The Vault)', '09/04/2021', 'spotify:track:34V9RiEPe8MNdU32qJsJa1')
('Welcome To New York', '09/11/2017', 'spotify:track:3YLA3NgzFRRa7LiHMtFPby')
('Welcome To New York', '27/10/2014', 'spotify:track:33Kq0AT5rvwyE4azisG08x')
('Welcome To New York', '27/10/2014', 'spotify:track:6qnM0XXPZOINWA778uNqQ9')
('Welcome To New York (Taylor`s Version)', '27/10/2023', 'spotify:track:4WUepByoeqcedHoYhSNHRt')
('Welcome To New York (Taylor`s Version)', '26/10/2023', 'spotify:track:1hR8BSuEqPCCZfv93zzzz9')
('When Emma Falls in Love (Taylor’s Version) (From The Vault)', '07/07/2023', 'spotify:track:0zo975x58DlXbZllWvfYhg')
('White Horse', '09/11/2017', 'spotify:track:4RMfSYDFkcz0bKoK8fHDgR')
('White Horse', '11/11/2008', 'spotify:track:4jPtq9shRdUv8Zjr0a5xkD')
('White Horse', '11/11/2008', 'spotify:track:6wn61Fzx9XMxQmieLpoIhW')
('White Horse (Taylor’s Version)', '09/04/2021', 'spotify:track:5YL553x8sHderRBDlm3NM3')
('Wildest Dreams', '09/11/2017', 'spotify:track:22C0JIVhFaczZ4t9heqREN')
('Wildest Dreams', '27/10/2014', 'spotify:track:106R7Z57WYzBAfrXImV30y')
('Wildest Dreams', '27/10/2014', 'spotify:track:59HjlYCeBsxdI0fcm3zglw')
('Wildest Dreams (Taylor`s Version)', '27/10/2023', 'spotify:track:27exgla7YBw9DUNNcTIpjy')
('Wildest Dreams (Taylor`s Version)', '26/10/2023', 'spotify:track:1K39ty6o1sHwwlZwO6a7wK')
('Wonderland', '09/11/2017', 'spotify:track:0eTCaVOYLpJlSkbEi2jay4')
('Wonderland', '27/10/2014', 'spotify:track:6iWMI5oOhWrDbLbjmwTWFq')
('Wonderland (Taylor`s Version)', '27/10/2023', 'spotify:track:6HRsJu8vcnzYDN4t0570FY')
('Wonderland (Taylor`s Version)', '26/10/2023', 'spotify:track:2ve0kuaWUCt4Zx8x4bf1MR')
('You All Over Me (feat. Maren Morris) (Taylor’s Version) (From The Vault)', '09/04/2021', 'spotify:track:4CHpVfAhuxNJ3ibExe6kxO')
('You Are In Love', '27/10/2014', 'spotify:track:4A2LfnduSTsE8u0ecYROxE')
('You Are In Love (Taylor`s Version)', '27/10/2023', 'spotify:track:0TyGh27YQ5LknmiDhCzJiT')
('You Are In Love (Taylor`s Version)', '26/10/2023', 'spotify:track:4UwqOWDpdeIDVQDuKT6iza')
('You Belong With Me', '11/11/2008', 'spotify:track:3as6Wz3mwbTnusWhZjTUNr')
('You Belong With Me', '11/11/2008', 'spotify:track:3GCL1PydwsLodcpv0Ll1ch')
('You Belong With Me (Taylor’s Version)', '09/04/2021', 'spotify:track:1qrpoAMXodY6895hGKoUpA')
('You Need To Calm Down', '23/08/2019', 'spotify:track:6RRNNciQGZEXnqk8SQ9yv5')
('You`re Not Sorry', '11/11/2008', 'spotify:track:6HWYtS215rxaaMjvpyG18W')
('You`re Not Sorry', '11/11/2008', 'spotify:track:0HmCuN0Z3OX1Qrz43FLOPL')
('You’re Not Sorry (Taylor’s Version)', '09/04/2021', 'spotify:track:6iiAfo4wTA2CVC3Uwx9uh8')
('august', '25/11/2020', 'spotify:track:1UHoF9p75IVsvUt6WdTYhn')
('august', '18/08/2020', 'spotify:track:6nK2pIKFcRc5frrZKHgsiT')
('august', '24/07/2020', 'spotify:track:3hUxzQpSfdDqwM3ZTFQY0K')
('august - the long pond studio sessions', '25/11/2020', 'spotify:track:4MGexoZc12lqE0hYkq9YYx')
('betty', '25/11/2020', 'spotify:track:2jhfs6moEAK13eLM6xim4l')
('betty', '18/08/2020', 'spotify:track:3IhtE4fkytdrtEfV34UzkD')
('betty', '24/07/2020', 'spotify:track:5kI4eCXXzyuIUXjQra0Cxi')
('betty - the long pond studio sessions', '25/11/2020', 'spotify:track:1mh5dObNoOvCfHmXnhvDEK')
('cardigan', '25/11/2020', 'spotify:track:7zcnlq38eqNWyUF6eNaB5Z')
('cardigan', '18/08/2020', 'spotify:track:0KRYCBwIpWYFNrXOmXbyUh')
('cardigan', '24/07/2020', 'spotify:track:4R2kfaDFhslZEMJqAFNpdd')
('cardigan - the long pond studio sessions', '25/11/2020', 'spotify:track:3EPgWM1zfTSzEc0z4AwWTM')
('champagne problems', '07/01/2021', 'spotify:track:1gcyHQpBQ1lfXGdhZmWrHP')
('champagne problems', '11/12/2020', 'spotify:track:0sY6ZUTh4yoctD8VIXz339')
('closure', '07/01/2021', 'spotify:track:6a8aUhYbaQBUI8PcJ5ZmQ6')
('closure', '11/12/2020', 'spotify:track:35rdVq36LMHQX0Suw9a6tK')
('coney island (feat. The National)', '07/01/2021', 'spotify:track:2awNGIJHodfLZSClB3PYhz')
('coney island (feat. The National)', '11/12/2020', 'spotify:track:3k7ne7VmH43ZPWxPdvPUgR')
('cowboy like me', '07/01/2021', 'spotify:track:52OkpDsU6MmPx1AwGOb6Ap')
('cowboy like me', '11/12/2020', 'spotify:track:1XjHRolIXL2M1EEOUsGGR4')
('dorothea', '07/01/2021', 'spotify:track:66tOfHVH3aUrscg8vExRV4')
('dorothea', '11/12/2020', 'spotify:track:670fUmXf4KQekzbEgaXyPA')
('epiphany', '25/11/2020', 'spotify:track:5MFjHn1qfR9AsWuyzJLk1z')
('epiphany', '18/08/2020', 'spotify:track:1EXa37LpSvi3OQ9UYQ28rD')
('epiphany', '24/07/2020', 'spotify:track:08fa9LFcFBTcilB3iq2e2A')
('epiphany - the long pond studio sessions', '25/11/2020', 'spotify:track:4yyKppX85ZkmlGOC2toBZA')
('evermore (feat. Bon Iver)', '07/01/2021', 'spotify:track:6Wlq9rqkxrqj5Kls4Kw14H')
('evermore (feat. Bon Iver)', '11/12/2020', 'spotify:track:3O5osWf1rSoKMwe6E9ZaXP')
('exile (feat. Bon Iver)', '25/11/2020', 'spotify:track:6kz2hkq1xQvDqPcUyBkw8f')
('exile (feat. Bon Iver)', '18/08/2020', 'spotify:track:5S4aYQAJOwJMAamANWlICO')
('exile (feat. Bon Iver)', '24/07/2020', 'spotify:track:4pvb0WLRcMtbPGmtejJJ6y')
('exile (feat. Bon Iver) - the long pond studio sessions', '25/11/2020', 'spotify:track:7N015NTIWGjQDddHUdHPoO')
('gold rush', '07/01/2021', 'spotify:track:3Dby3p1m6IOZn2gIIqECgK')
('gold rush', '11/12/2020', 'spotify:track:5BK0uqwY9DNfZ630STAEaq')
('happiness', '07/01/2021', 'spotify:track:55Vf4bimc1Rtfg0PAQRAo2')
('happiness', '11/12/2020', 'spotify:track:73YUReisjb3A9ActdLLjJQ')
('hoax', '25/11/2020', 'spotify:track:4XCYmu7QLySdIahgBALKJK')
('hoax', '18/08/2020', 'spotify:track:0YeDG5HnKnG7jpArkzsSPa')
('hoax', '24/07/2020', 'spotify:track:6MWoRt97mnSTXZhu3ggi9C')
('hoax - the long pond studio sessions', '25/11/2020', 'spotify:track:0QTBsdoJhamY3Aid3fOsOd')
('illicit affairs', '25/11/2020', 'spotify:track:7CVTowKpGPA2MsIbkTl2oc')
('illicit affairs', '18/08/2020', 'spotify:track:6DrLROM5MG9bxWHeEG5elq')
('illicit affairs', '24/07/2020', 'spotify:track:2NmsngXHeC1GQ9wWrzhOMf')
('illicit affairs - the long pond studio sessions', '25/11/2020', 'spotify:track:560uQyz3p5G9WdnMX39xc6')
('invisible string', '25/11/2020', 'spotify:track:4WHIqhrbdva5vQSrCuet3l')
('invisible string', '18/08/2020', 'spotify:track:2ehRU518I0hYqMGQnk4lDY')
('invisible string', '24/07/2020', 'spotify:track:6VsvKPJ4xjVNKpI8VVZ3SV')
('invisible string - the long pond studio sessions', '25/11/2020', 'spotify:track:5KByGq0JijSSDcy0qzuINs')
('it’s time to go - bonus track', '07/01/2021', 'spotify:track:1kdWw77ZpYOkhxeuhzU1j6')
('ivy', '07/01/2021', 'spotify:track:43Ykum9T72UOPhBN31grpN')
('ivy', '11/12/2020', 'spotify:track:19CSr8rwW05VJL2F91KFNK')
('long story short', '07/01/2021', 'spotify:track:5VYWxXUpxuxEmCqMLDqICo')
('long story short', '11/12/2020', 'spotify:track:2o2sgVJIgFXk8GQjWTgI6U')
('mad woman', '25/11/2020', 'spotify:track:7klXN6RCN5Rj0VeYO5gBzU')
('mad woman', '18/08/2020', 'spotify:track:0RP1kqoSPkVXsKiQNhMKzV')
('mad woman', '24/07/2020', 'spotify:track:2QDyYdZyhlP2fp79KZX8Bi')
('mad woman - the long pond studio sessions', '25/11/2020', 'spotify:track:04xrhDrQ2WOW8GLwu7kbc0')
('marjorie', '07/01/2021', 'spotify:track:5uICWmZTLkpEVbK22PBP6e')
('marjorie', '11/12/2020', 'spotify:track:12ntTeqEeTg7GAVpe8Mhpl')
('mirrorball', '25/11/2020', 'spotify:track:5jQyGzcwqAxwT5QUIMivoX')
('mirrorball', '18/08/2020', 'spotify:track:2I8YAEA1VmCuP1wkJHMpTw')
('mirrorball', '24/07/2020', 'spotify:track:0ZNU020wNYvgW84iljPkPP')
('mirrorball - the long pond studio sessions', '25/11/2020', 'spotify:track:2yceD2hx5HhOLgkm1CITCi')
('my tears ricochet', '25/11/2020', 'spotify:track:0Oju1YcbPCJuUQQWoZNdJK')
('my tears ricochet', '18/08/2020', 'spotify:track:5P2bHCDM2tsgIaYWsZMhu5')
('my tears ricochet', '24/07/2020', 'spotify:track:1MgV7FIyNxIG7WzMRJV5HC')
('my tears ricochet - the long pond studio sessions', '25/11/2020', 'spotify:track:5mdNyCS7ttVcAyVYOIFEjs')
('peace', '25/11/2020', 'spotify:track:0O9i6jhscByEJs1ipy5hu4')
('peace', '18/08/2020', 'spotify:track:6JlI8Ay77m4nJvZTHvfT1J')
('peace', '24/07/2020', 'spotify:track:7MbT4I8qGntX4fMdqMQgke')
('peace - the long pond studio sessions', '25/11/2020', 'spotify:track:4YHHz3VIXgNDGdoL9xC1tx')
('right where you left me - bonus track', '07/01/2021', 'spotify:track:3zwMVvkBe2qIKDObWgXw4N')
('seven', '25/11/2020', 'spotify:track:2vJ7QvyCiR4DaHxwO58izA')
('seven', '18/08/2020', 'spotify:track:76mOLcXOjOEhyY4mMF1l3r')
('seven', '24/07/2020', 'spotify:track:6KJqZcs9XDgVck7Lg9QOTC')
('seven - the long pond studio sessions', '25/11/2020', 'spotify:track:4cOWq0cVsKjxaQpRMbDoH1')
('the 1', '25/11/2020', 'spotify:track:0P9wLFurlgumLXuqFEpw52')
('the 1', '18/08/2020', 'spotify:track:4pfrrhvplbJZAIsfosGWQP')
('the 1', '24/07/2020', 'spotify:track:0Jlcvv8IykzHaSmj49uNW8')
('the 1 - the long pond studio sessions', '25/11/2020', 'spotify:track:08J4bMHbILkwSIhbtrcvjN')
('the lakes - bonus track', '25/11/2020', 'spotify:track:0zEprKYeuGOIZoHyu6O1E2')
('the lakes - bonus track', '18/08/2020', 'spotify:track:0eFQWVz0qIxDOvhLpZ40P7')
('the lakes - the long pond studio sessions', '25/11/2020', 'spotify:track:6mqyTq948oap5AkyTsd6XF')
('the last great american dynasty', '25/11/2020', 'spotify:track:4ojxSyrEraN7d46BMBPThZ')
('the last great american dynasty', '18/08/2020', 'spotify:track:2olxzvoFI9IpxqFeUv7WOX')
('the last great american dynasty', '24/07/2020', 'spotify:track:2Eeur20xVqfUoM3Q7EFPFt')
('the last great american dynasty - the long pond studio sessions', '25/11/2020', 'spotify:track:28tIMaewZuGR8urkvFhQyA')
('this is me trying', '25/11/2020', 'spotify:track:5DnDBYrfGoxdnomqEAkFIv')
('this is me trying', '18/08/2020', 'spotify:track:7cm50Lw03k6VvRauJtkyTj')
('this is me trying', '24/07/2020', 'spotify:track:7kt9e9LFSpN1zQtYEl19o1')
('this is me trying - the long pond studio sessions', '25/11/2020', 'spotify:track:1gaLZjPrDnHQWJds2Jg4KT')
('tolerate it', '07/01/2021', 'spotify:track:6lCvK2AR2uOKkVFCVlAzzm')
('tolerate it', '11/12/2020', 'spotify:track:0PurA4JVJ8YQgSVopY8fn6')
('willow', '07/01/2021', 'spotify:track:2gVhfX2Gy1T9kDuS9azrF7')
('willow', '11/12/2020', 'spotify:track:0lx2cLdOt3piJbcaXIV74f')
('‘tis the damn season', '07/01/2021', 'spotify:track:6sQckd3Z8NPxVVKUnavY1F')
('‘tis the damn season', '11/12/2020', 'spotify:track:7dW84mWkdWE5a6lFWxJCBG')
