1695036530.1317937; W10STAT-3-161; win32; gdrive.py
1695036566.6468668; W10STAT-3-161; win32; gdrive.py
1695036635.9173424; W10STAT-3-161; win32; gdrive.py
1695036717.8244295; W10STAT-3-161; win32; gdrive.py
1695036719.1503603; W10STAT-3-161; win32; gdrive.py
1695036720.3823013; W10STAT-3-161; win32; gdrive.py
1695036735.126678; W10STAT-3-161; win32; gdrive.py
1695400473.0701811; ZENBOOK; win32; gdrive.py
1695400522.719031; ZENBOOK; win32; gdrive.py
1695400719.3947484; ZENBOOK; win32; gdrive.py
1695400828.4484053; ZENBOOK; win32; gdrive.py
1695810927.888302; W10STAT-3-166; win32; gdrive.py
1695811322.9103222; W10STAT-3-166; win32; gdrive.py
1695811355.6587722; W10STAT-3-166; win32; gdrive.py
1695811615.5288105; W10STAT-3-166; win32; gdrive.py
1695811683.5118997; W10STAT-3-166; win32; gdrive.py
1695925378.0237944; ZENBOOK; win32; gdrive.py
1695926811.089697; ZENBOOK; win32; gdrive.py
1695927599.5357115; ZENBOOK; win32; gdrive.py
1695927610.2171202; ZENBOOK; win32; gdrive.py
1695927952.285789; ZENBOOK; win32; gdrive.py
1695928162.7271135; ZENBOOK; win32; gdrive.py
1695928201.0676076; ZENBOOK; win32; gdrive.py
1695928246.268069; ZENBOOK; win32; gdrive.py
1695928268.0442486; ZENBOOK; win32; gdrive.py
1695928297.198396; ZENBOOK; win32; gdrive.py
1695928307.3019693; ZENBOOK; win32; gdrive.py
1695928316.9947066; ZENBOOK; win32; gdrive.py
1695928343.8923502; ZENBOOK; win32; gdrive.py
1695928395.9200008; ZENBOOK; win32; gdrive.py
1695928453.4212346; ZENBOOK; win32; gdrive.py
1695928488.701203; ZENBOOK; win32; gdrive.py
1695928544.5914752; ZENBOOK; win32; gdrive.py
1695928559.4895825; ZENBOOK; win32; gdrive.py
1696153982.3493586; ZENBOOK; win32; gdrive.py
1696154053.25758; ZENBOOK; win32; gdrive.py
1696154080.2186193; ZENBOOK; win32; gdrive.py
1696154594.8226545; ZENBOOK; win32; gdrive.py
1696154609.9921641; ZENBOOK; win32; gdrive.py
1696154625.583385; ZENBOOK; win32; gdrive.py
1696154657.1797068; ZENBOOK; win32; gdrive.py
1696862796.43292; ZENBOOK; win32; gdrive.py
1696862947.982473; ZENBOOK; win32; gdrive.py
1696862999.8160412; ZENBOOK; win32; gdrive.py
1696864233.8502948; ZENBOOK; win32; gdrive.py
1696865404.384446; ZENBOOK; win32; gdrive.py
1696865590.8883822; ZENBOOK; win32; gdrive.py
1696865730.5626872; ZENBOOK; win32; gdrive.py
1696865748.0647407; ZENBOOK; win32; gdrive.py
1696951284.604641; ZENBOOK; win32; gdrive.py
1696952311.8093033; ZENBOOK; win32; gdrive.py
1696952375.057367; ZENBOOK; win32; gdrive.py
1696952399.9124436; ZENBOOK; win32; gdrive.py
1696952769.6276207; ZENBOOK; win32; gdrive.py
1696952816.9909127; ZENBOOK; win32; gdrive.py
1696953008.3030255; ZENBOOK; win32; gdrive.py
1696953324.1983602; ZENBOOK; win32; gdrive.py
1696953381.4554815; ZENBOOK; win32; gdrive.py
1696953402.9197261; ZENBOOK; win32; gdrive.py
1696953463.9555554; ZENBOOK; win32; gdrive.py
1696953489.3152716; ZENBOOK; win32; gdrive.py
1696953546.7145994; ZENBOOK; win32; gdrive.py
1696953838.6728384; ZENBOOK; win32; gdrive.py
1696954015.167937; ZENBOOK; win32; gdrive.py
1696954037.39362; ZENBOOK; win32; gdrive.py
1696954670.4678576; ZENBOOK; win32; gdrive.py
1696954811.6500468; ZENBOOK; win32; gdrive.py
1696967116.3712077; ZENBOOK; win32; gdrive.py
1696967328.6941073; ZENBOOK; win32; gdrive.py
1696967797.2607915; ZENBOOK; win32; gdrive.py
1696967837.5418398; ZENBOOK; win32; gdrive.py
1696968097.2495272; ZENBOOK; win32; gdrive.py
1696968248.7809694; ZENBOOK; win32; gdrive.py
1696968353.6712186; ZENBOOK; win32; gdrive.py
1696968432.0354111; ZENBOOK; win32; gdrive.py
1696968716.2512274; ZENBOOK; win32; gdrive.py
1696968868.5298152; ZENBOOK; win32; gdrive.py
1696968929.5614882; ZENBOOK; win32; gdrive.py
1696968994.1385918; ZENBOOK; win32; gdrive.py
1696969028.5974877; ZENBOOK; win32; gdrive.py
1696969096.0462768; ZENBOOK; win32; gdrive.py
1696969177.8376098; ZENBOOK; win32; gdrive.py
1696969873.33473; ZENBOOK; win32; gdrive.py
1696969893.744307; ZENBOOK; win32; gdrive.py
1696969936.1171358; ZENBOOK; win32; gdrive.py
1696969982.8507917; ZENBOOK; win32; gdrive.py
1696970040.9105973; ZENBOOK; win32; gdrive.py
1696970078.6053627; ZENBOOK; win32; gdrive.py
1696970163.1555252; ZENBOOK; win32; gdrive.py
1696970198.0481513; ZENBOOK; win32; gdrive.py
1696970280.482836; ZENBOOK; win32; gdrive.py
1696970775.871943; ZENBOOK; win32; gdrive.py
1696970804.1633825; ZENBOOK; win32; gdrive.py
1696971721.8183937; ZENBOOK; win32; gdrive.py
1696973725.219473; ZENBOOK; win32; gdrive.py
1696973820.5922353; ZENBOOK; win32; gdrive.py
1696973880.4011059; ZENBOOK; win32; gdrive.py
1697388913.4787984; ZENBOOK; win32; gdrive.py
1697389025.3846915; ZENBOOK; win32; gdrive.py
1697389151.9162357; ZENBOOK; win32; gdrive.py
1697389244.4770994; ZENBOOK; win32; gdrive.py
1697389316.7965713; ZENBOOK; win32; gdrive.py
1697389466.9785714; ZENBOOK; win32; gdrive.py
1697389614.6651902; ZENBOOK; win32; gdrive.py
1697389677.4315836; ZENBOOK; win32; gdrive.py
1697389993.0178764; ZENBOOK; win32; gdrive.py
1697390070.555847; ZENBOOK; win32; gdrive.py
1697390130.9811532; ZENBOOK; win32; gdrive.py
1697390173.933704; ZENBOOK; win32; gdrive.py
1697390276.380114; ZENBOOK; win32; gdrive.py
1697390552.3221993; ZENBOOK; win32; gdrive.py
1697390599.998187; ZENBOOK; win32; gdrive.py
1697390656.2457807; ZENBOOK; win32; gdrive.py
1697391021.4886477; ZENBOOK; win32; c:\Users\Proprietario\Desktop\esercizi_informatica_vs_code\scarpa_federico_sync\sync\package\sync.py
1697391405.5094469; ZENBOOK; win32; sync.py
1697392535.973048; fedescarpa; linux; sync.py
1697626899.2827241; W10STAT-3-161; win32; sync.py
1697627941.4179523; W10STAT-3-161; win32; sync.py
1697821581.3498394; ZENBOOK; win32; sync.py
1697821606.8868375; ZENBOOK; win32; sync.py
1697821839.8874269; ZENBOOK; win32; sync.py
1697821906.9300027; ZENBOOK; win32; xml.py
1697822178.5686102; ZENBOOK; win32; xml.py
1697822202.489238; ZENBOOK; win32; xml.py
1697823517.552021; ZENBOOK; win32; xml.py
1697823645.532601; ZENBOOK; win32; xml.py
1697823661.6845455; ZENBOOK; win32; xml.py
1697823685.930456; ZENBOOK; win32; xml.py
1697823713.024849; ZENBOOK; win32; xml.py
1697823735.973032; ZENBOOK; win32; xml.py
1697823765.1546814; ZENBOOK; win32; xml.py
1697823775.6601412; ZENBOOK; win32; xml.py
1697823821.3909912; ZENBOOK; win32; xml.py
1697823881.0649836; ZENBOOK; win32; xml.py
1697823905.8490827; ZENBOOK; win32; xml.py
1697823924.381279; ZENBOOK; win32; xml.py
1697823936.365301; ZENBOOK; win32; xml.py
1697824045.761921; ZENBOOK; win32; xml.py
1697884459.2036865; ZENBOOK; win32; xml.py
1697884721.8420465; ZENBOOK; win32; xml.py
1697884890.3139644; ZENBOOK; win32; xml.py
1697885049.9673436; ZENBOOK; win32; xml.py
1697885156.3426952; ZENBOOK; win32; xml.py
1697885651.2227702; ZENBOOK; win32; xml.py
1697885699.3587995; ZENBOOK; win32; xml.py
1697885923.4471104; ZENBOOK; win32; xml.py
1697886445.5204463; ZENBOOK; win32; xml.py
1697887018.7855873; ZENBOOK; win32; xml.py
1697887058.87951; ZENBOOK; win32; xml.py
1697887140.9002683; ZENBOOK; win32; xml.py
1697887661.8069556; ZENBOOK; win32; xml.py
1697887765.952163; ZENBOOK; win32; xml.py
1697887832.3246691; ZENBOOK; win32; xml.py
1697887893.484895; ZENBOOK; win32; xml.py
1697887952.939851; ZENBOOK; win32; xml.py
1697888062.815997; ZENBOOK; win32; xml.py
1697888678.1251736; ZENBOOK; win32; xml.py
1697888731.9010837; ZENBOOK; win32; xml.py
1697889499.1461084; ZENBOOK; win32; xml.py
1698070114.827493; ZENBOOK; win32; xml.py