
1699447299.4623916; W10STAT-3-161; win32; serverside.py
1699447314.3687282; W10STAT-3-161; win32; serverside.py
1699447375.872451; W10STAT-3-161; win32; serverside.py
1699448336.303339; DESKTOP-QK4ADJ7.EDU.MARCONI; darwin; serverside.py
1699448451.629143; DESKTOP-QK4ADJ7.EDU.MARCONI; darwin; serverside.py
1699448522.6969862; DESKTOP-QK4ADJ7.EDU.MARCONI; darwin; serverside.py
1699448535.578673; DESKTOP-QK4ADJ7.EDU.MARCONI; darwin; serverside.py
1699448573.339998; DESKTOP-QK4ADJ7.EDU.MARCONI; darwin; serverside.py
1699448734.353825; DESKTOP-QK4ADJ7.EDU.MARCONI; darwin; serverside.py
1699449053.928222; DESKTOP-QK4ADJ7.EDU.MARCONI; darwin; serverside.py
1699449067.862848; DESKTOP-QK4ADJ7.EDU.MARCONI; darwin; serverside.py
1699449112.452095; DESKTOP-QK4ADJ7.EDU.MARCONI; darwin; serverside.py
1699449168.4424698; DESKTOP-QK4ADJ7.EDU.MARCONI; darwin; serverside.py
1699449235.363945; DESKTOP-QK4ADJ7.EDU.MARCONI; darwin; serverside.py
1700040514.6763086; W10STAT-18-110; win32; serverside.py
1700040564.028548; W10STAT-18-110; win32; serverside.py
1700040714.7839212; W10STAT-18-110; win32; serverside.py
1700040856.1612575; W10STAT-18-110; win32; serverside.py
1700040881.3332222; W10STAT-18-110; win32; serverside.py
1700040929.772525; W10STAT-18-110; win32; serverside.py
1700041140.0448449; W10STAT-18-110; win32; serverside.py
1700041189.7030687; W10STAT-18-110; win32; serverside.py
1700041222.0689328; W10STAT-18-110; win32; serverside.py
1700041266.6646678; W10STAT-18-110; win32; serverside.py
1700041379.9133909; W10STAT-18-110; win32; serverside.py
1700655014.474139; W10STAT-3-161; win32; serverside.py
1700656447.6760437; W10STAT-3-161; win32; serverside.py
1700656463.0225155; W10STAT-3-161; win32; serverside.py
1700656742.3452187; W10STAT-3-161; win32; serverside.py
1700656762.0349474; W10STAT-3-161; win32; serverside.py
1700827595.9254203; ZENBOOK; win32; serverside.py
1700827646.5522718; ZENBOOK; win32; serverside.py
1700827650.394977; ZENBOOK; win32; serverside.py
1700827668.6832683; ZENBOOK; win32; serverside.py
1700827684.2883995; ZENBOOK; win32; serverside.py