Inizio Thu Apr 13 12:29:49 2023 1681381789.4457855 C:\Users\19978\Desktop\scarpa_federico_hosts\hosts\package\my_log.py
Fine Thu Apr 13 12:29:50 2023 1681381790.0491707 C:\Users\19978\Desktop\scarpa_federico_hosts\hosts\package\my_log.py
Inizio Thu Apr 13 13:04:35 2023; 1681383875.7316744; W10STAT-3-161; C:\Users\19978\Desktop\scarpa_federico_hosts\hosts\package\hosts.py
Fine Thu Apr 13 13:04:36 2023; 1681383876.3357167; W10STAT-3-161; C:\Users\19978\Desktop\scarpa_federico_hosts\hosts\package\hosts.py
Inizio; Thu Apr 13 13:06:10 2023; 1681383970.003348; C:\Users\19978\Desktop\scarpa_federico_hosts\hosts\package\hosts.py; W10STAT-3-161
Fine; Thu Apr 13 13:06:10 2023; 1681383970.6175482; C:\Users\19978\Desktop\scarpa_federico_hosts\hosts\package\hosts.py; W10STAT-3-161
Thu Apr 13 13:29:16 2023; 1681385356.7477992; C:\Users\19978\Desktop\scarpa_federico_hosts\hosts\package\hosts.py; W10STAT-3-161
Thu Apr 13 13:29:22 2023; 1681385362.3621843; C:\Users\19978\Desktop\scarpa_federico_hosts\hosts\package\hosts.py; W10STAT-3-161
1681925658.7794971; ZENBOOK; win32; hosts.py; descrizione:azione; 11681925701.2008562; ZENBOOK; win32; hosts.py; descrizione:azione; 11681925780.9188354; ZENBOOK; win32; hosts.py; descrizione:azione; 11681925843.3648074; ZENBOOK; win32; hosts.py; descrizione:azione; 11681925913.8136754; ZENBOOK; win32; hosts.py; descrizione:azione; 1
1681925927.6845841; ZENBOOK; win32; hosts.py; descrizione:azione; 1
1681926045.9045496; ZENBOOK; win32; hosts.py; descrizione:azione; 1
1681926092.0820706; ZENBOOK; win32; hosts.py; descrizione:azione; 1
1681926820.7966132; ZENBOOK; win32; hosts.py; descrizione:azione; 1
1682329831.8968034; ZENBOOK; win32; hosts.py; descrizione:azione; 3
1682330090.0254793; ZENBOOK; win32; hosts.py; descrizione:azione; 3
1682330152.7917068; ZENBOOK; win32; hosts.py; descrizione:azione; 3
1682330382.7479744; ZENBOOK; win32; hosts.py; descrizione:azione; 3
1682330460.425748; ZENBOOK; win32; hosts.py; descrizione:azione; 3
1682330626.2184489; ZENBOOK; win32; hosts.py; descrizione:azione; 3
1682330671.4446313; ZENBOOK; win32; hosts.py; descrizione:azione; 3
1682330774.071111; ZENBOOK; win32; hosts.py; descrizione:azione; 3
1682330861.5464466; ZENBOOK; win32; hosts.py; descrizione:azione; 3
1682331109.5840406; ZENBOOK; win32; hosts.py; descrizione:azione; 3
1682331219.1005144; ZENBOOK; win32; hosts.py; descrizione:azione; 3
1682331288.3607213; ZENBOOK; win32; hosts.py; descrizione:azione; 3
1682331434.5686724; ZENBOOK; win32; hosts.py; descrizione:azione; 3
1682331570.9473984; ZENBOOK; win32; hosts.py; descrizione:azione; 3
1683110313.6912801; fedescarpa; linux; hosts.py; descrizione:azione; 3
1683110403.0054648; fedescarpa; linux; hosts.py; descrizione:azione; 3
1683724501.3105614; ZENBOOK; win32; hosts.py; descrizione:azione; 1
1683724556.1258135; ZENBOOK; win32; hosts.py; descrizione:azione; 1
1683724673.0436933; ZENBOOK; win32; hosts.py; descrizione:azione; 20
1683724710.453127; ZENBOOK; win32; hosts.py; descrizione:azione; 1
1683724746.9814944; ZENBOOK; win32; hosts.py; descrizione:azione; 1
1683724820.3006494; ZENBOOK; win32; hosts.py; descrizione:azione; 21
1683724835.6915927; ZENBOOK; win32; hosts.py; descrizione:azione; 1
1683724868.6796598; ZENBOOK; win32; hosts.py; descrizione:azione; 0
1683724903.024032; ZENBOOK; win32; hosts.py; descrizione:azione; 0
1683725013.0180032; ZENBOOK; win32; hosts.py; descrizione:azione; 0
1683725069.934319; ZENBOOK; win32; hosts.py; descrizione:azione; 0
1683725998.639467; None; linux; hosts.py; descrizione:azione; 7
1683726552.3237524; fedescarpa; linux; hosts.py; descrizione:azione; 7
1683726594.525913; fedescarpa; linux; hosts.py; descrizione:azione; 7
1683726596.6210234; fedescarpa; linux; hosts.py; descrizione:azione; 7
1683726993.6865625; ZENBOOK; win32; hosts.py; descrizione:azione; 0
1683817096.9732623; ZENBOOK; win32; hosts.py; 0
1683817374.8889508; ZENBOOK; win32; hosts.py; 2
1683817625.3317218; ZENBOOK; win32; hosts.py; 2
1683817657.799625; ZENBOOK; win32; hosts.py; 2
1683818113.090868; ZENBOOK; win32; hosts.py; 2
1683818119.0666537; ZENBOOK; win32; hosts.py; 2
1683818154.4981682; ZENBOOK; win32; hosts.py; 2
1683818156.6028907; ZENBOOK; win32; hosts.py; 2
1683818214.45474; ZENBOOK; win32; hosts.py; 2
1683818218.0468905; ZENBOOK; win32; hosts.py; 2
1683818230.3145914; ZENBOOK; win32; hosts.py; 2
1683819906.0644124; ZENBOOK; win32; hosts.py; 2
