Fri Apr 19 20:58:55 2024;1713553135.5261242;ZENBOOK;win32;stats.py;avviato
Fri Apr 19 20:59:02 2024;1713553142.3609846;ZENBOOK;win32;stats.py;avviato
Fri Apr 19 21:01:02 2024;1713553262.9636183;ZENBOOK;win32;stats.py;avviato
Fri Apr 19 21:10:13 2024;1713553813.4746706;ZENBOOK;win32;stats.py;avviato
Fri Apr 19 21:10:18 2024;1713553818.932109;ZENBOOK;win32;stats.py;avviato
Fri Apr 19 21:19:20 2024;1713554360.9732656;ZENBOOK;win32;stats.py;avviato
Fri Apr 19 21:21:51 2024;1713554511.2778652;ZENBOOK;win32;stats.py;avviato
Fri Apr 19 21:22:26 2024;1713554546.5774646;ZENBOOK;win32;stats.py;avviato
Fri Apr 19 21:24:04 2024;1713554644.7204068;ZENBOOK;win32;stats.py;avviato
Fri Apr 19 21:24:43 2024;1713554683.0813882;ZENBOOK;win32;stats.py;avviato
Fri Apr 19 21:26:10 2024;1713554770.325169;ZENBOOK;win32;stats.py;avviato
Fri Apr 19 21:26:56 2024;1713554816.0819907;ZENBOOK;win32;stats.py;avviato
Fri Apr 19 22:20:00 2024;1713558000.8072996;ZENBOOK;win32;stats.py;avviato
Fri Apr 19 22:29:46 2024;1713558586.8075058;ZENBOOK;win32;stats.py;avviato
Mon Apr 22 17:12:37 2024;1713798757.4043143;ZENBOOK;win32;stats.py;avviato
Mon Apr 22 17:29:02 2024;1713799742.4681559;ZENBOOK;win32;stats.py;avviato
Mon Apr 22 17:29:31 2024;1713799771.3585958;ZENBOOK;win32;stats.py;avviato
Mon Apr 22 17:30:23 2024;1713799823.3733857;ZENBOOK;win32;stats.py;avviato
Mon Apr 22 17:33:31 2024;1713800011.9501417;ZENBOOK;win32;stats.py;avviato
Mon Apr 22 17:37:00 2024;1713800220.828096;ZENBOOK;win32;stats.py;avviato
Mon Apr 22 17:39:30 2024;1713800370.2929418;ZENBOOK;win32;stats.py;avviato
Mon Apr 22 17:41:41 2024;1713800501.4879057;ZENBOOK;win32;stats.py;avviato
Mon Apr 22 17:42:18 2024;1713800538.1365836;ZENBOOK;win32;stats.py;avviato
Mon Apr 22 17:42:33 2024;1713800553.983544;ZENBOOK;win32;stats.py;avviato
Mon Apr 22 18:28:01 2024;1713803281.8066185;ZENBOOK;win32;stats.py;avviato
Mon Apr 22 18:31:19 2024;1713803479.7796574;ZENBOOK;win32;stats.py;avviato
Mon Apr 22 18:32:05 2024;1713803525.3840883;ZENBOOK;win32;stats.py;avviato
Mon Apr 22 18:32:36 2024;1713803556.6663635;ZENBOOK;win32;stats.py;avviato
Mon Apr 22 18:34:17 2024;1713803657.4512913;ZENBOOK;win32;stats.py;avviato
Mon Apr 22 18:35:38 2024;1713803738.5171742;ZENBOOK;win32;stats.py;avviato
Mon Apr 22 18:35:39 2024;1713803739.8929265;ZENBOOK;win32;stats.py;eseguito
Mon Apr 22 18:39:44 2024;1713803984.1524918;ZENBOOK;win32;stats.py;avviato
Mon Apr 22 18:39:45 2024;1713803985.5705843;ZENBOOK;win32;stats.py;eseguito
Mon Apr 22 18:40:52 2024;1713804052.7360852;ZENBOOK;win32;stats.py;avviato
Mon Apr 22 18:42:13 2024;1713804133.9924123;ZENBOOK;win32;stats.py;avviato
Mon Apr 22 18:42:15 2024;1713804135.3555691;ZENBOOK;win32;stats.py;eseguito
Mon Apr 22 18:43:12 2024;1713804192.4099379;ZENBOOK;win32;stats.py;avviato
Mon Apr 22 18:47:20 2024;1713804440.9290042;ZENBOOK;win32;stats.py;avviato
Mon Apr 22 18:49:00 2024;1713804540.6867402;ZENBOOK;win32;stats.py;avviato
Mon Apr 22 18:49:03 2024;1713804543.072853;ZENBOOK;win32;stats.py;eseguito
Mon Apr 22 18:51:39 2024;1713804699.9864526;ZENBOOK;win32;stats.py;avviato
Mon Apr 22 18:51:42 2024;1713804702.4740055;ZENBOOK;win32;stats.py;eseguito
Tue Apr 23 18:05:39 2024;1713888339.7716067;ZENBOOK;win32;stats.py;avviato
Tue Apr 23 18:05:41 2024;1713888341.9174976;ZENBOOK;win32;stats.py;eseguito
Tue Apr 23 18:08:32 2024;1713888512.179164;ZENBOOK;win32;stats.py;avviato
Tue Apr 23 18:08:34 2024;1713888514.121542;ZENBOOK;win32;stats.py;eseguito
Tue Apr 23 18:11:13 2024;1713888673.8668134;ZENBOOK;win32;stats.py;avviato
Tue Apr 23 18:11:26 2024;1713888686.4959846;ZENBOOK;win32;stats.py;avviato
Tue Apr 23 18:11:28 2024;1713888688.429635;ZENBOOK;win32;stats.py;eseguito
Tue Apr 23 18:12:36 2024;1713888756.83751;ZENBOOK;win32;stats.py;avviato
Tue Apr 23 18:13:00 2024;1713888780.8161933;ZENBOOK;win32;stats.py;avviato
Tue Apr 23 18:13:02 2024;1713888782.735808;ZENBOOK;win32;stats.py;eseguito
Tue Apr 23 21:30:04 2024;1713900604.3977203;ZENBOOK;win32;stats.py;avviato
Tue Apr 23 21:30:11 2024;1713900611.5858517;ZENBOOK;win32;stats.py;avviato
Tue Apr 23 21:30:14 2024;1713900614.118144;ZENBOOK;win32;stats.py;eseguito
Tue Apr 23 21:30:57 2024;1713900657.188182;ZENBOOK;win32;stats.py;avviato
Tue Apr 23 21:31:17 2024;1713900677.915276;ZENBOOK;win32;stats.py;avviato
Tue Apr 23 21:31:19 2024;1713900679.5812182;ZENBOOK;win32;stats.py;eseguito
Tue Apr 23 21:33:01 2024;1713900781.6381657;ZENBOOK;win32;stats.py;avviato
Tue Apr 23 21:33:03 2024;1713900783.279168;ZENBOOK;win32;stats.py;eseguito
Tue Apr 23 21:34:22 2024;1713900862.673595;ZENBOOK;win32;stats.py;avviato
Tue Apr 23 21:34:24 2024;1713900864.3442476;ZENBOOK;win32;stats.py;eseguito
Tue Apr 23 21:39:16 2024;1713901156.4837532;ZENBOOK;win32;stats.py;avviato
Tue Apr 23 21:39:20 2024;1713901160.3364358;ZENBOOK;win32;stats.py;eseguito
